<?xml version="1.0" encoding="UTF-8"?>
<testsuite name="Yo como usuario requiero calcular mi tasa de interes" tests="1" skipped="0" failures="0" errors="0" timestamp="2023-04-22T21:27:27" hostname="GeQuintero.lan" time="41.837">
  <properties/>
  <testcase name="Searching for a term" classname="Yo como usuario requiero calcular mi tasa de interes" time="41.837"/>
  <system-out><![CDATA[16:27:27.193 [Test worker] INFO io.cucumber.core.plugin.SerenityReporter - Running feature from file:///Users/macbookk/IdeaProjects/GeoPrueba/src/test/resources/features/calcularTasa.feature
16:27:27.360 [Test worker] INFO  - 
  _____   ___   ___   _____     ___   _____     _     ___   _____   ___   ___  
 |_   _| | __| / __| |_   _|   / __| |_   _|   /_\   | _ \ |_   _| | __| |   \ 
   | |   | _|  \__ \   | |     \__ \   | |    / _ \  |   /   | |   | _|  | |) |
   |_|   |___| |___/   |_|     |___/   |_|   /_/ \_\ |_|_\   |_|   |___| |___/ 

Searching for a term(yo-como-usuario-requiero-calcular-mi-tasa-de-interes;searching-for-a-term)
--------------------------------------------------------------------------------
16:27:27.926 [Test worker] DEBUG net.thucydides.core.steps.StepInterceptor - STARTING STEP: CalcularTasaStep.desea_ingresar_al_sitio_web - !#title
16:27:27.948 [Test worker] DEBUG net.thucydides.core.steps.StepInterceptor - STARTING STEP: CalcularTasaStep.desea_ingresar_al_sitio_web - {0} opens the #targetPageName
16:27:27.978 [Test worker] INFO net.serenitybdd.core.webdriver.driverproviders.DriverProvider - Using WebDriverManager configuration for firefox
16:27:28.349 [Test worker] DEBUG io.github.bonigarcia.wdm.cache.ResolutionCache - Resolution firefox=112 in cache (valid until 16:57:15 22/04/2023 EST)
16:27:28.350 [Test worker] DEBUG io.github.bonigarcia.wdm.cache.ResolutionCache - Resolution firefox112=0.33.0 in cache (valid until 23:02:54 22/04/2023 EST)
16:27:28.351 [Test worker] INFO io.github.bonigarcia.wdm.WebDriverManager - Using geckodriver 0.33.0 (resolved driver for Firefox 112)
16:27:28.368 [Test worker] DEBUG io.github.bonigarcia.wdm.WebDriverManager - Driver geckodriver 0.33.0 found in cache
16:27:28.369 [Test worker] INFO io.github.bonigarcia.wdm.WebDriverManager - Exporting webdriver.gecko.driver as /Users/macbookk/.cache/selenium/geckodriver/mac64/0.33.0/geckodriver
16:27:28.475 [Test worker] DEBUG io.netty.util.internal.logging.InternalLoggerFactory - Using SLF4J as the default logging framework
16:27:28.479 [Test worker] DEBUG io.netty.util.ResourceLeakDetector - -Dio.netty.leakDetection.level: simple
16:27:28.479 [Test worker] DEBUG io.netty.util.ResourceLeakDetector - -Dio.netty.leakDetection.targetRecords: 4
16:27:28.484 [Test worker] DEBUG io.netty.util.ResourceLeakDetectorFactory - Loaded default ResourceLeakDetector: io.netty.util.ResourceLeakDetector@3434a4f0
16:27:28.505 [Test worker] DEBUG io.netty.util.internal.PlatformDependent0 - -Dio.netty.noUnsafe: false
16:27:28.505 [Test worker] DEBUG io.netty.util.internal.PlatformDependent0 - Java version: 20
16:27:28.506 [Test worker] DEBUG io.netty.util.internal.PlatformDependent0 - sun.misc.Unsafe.theUnsafe: available
16:27:28.507 [Test worker] DEBUG io.netty.util.internal.PlatformDependent0 - sun.misc.Unsafe.copyMemory: available
16:27:28.508 [Test worker] DEBUG io.netty.util.internal.PlatformDependent0 - sun.misc.Unsafe.storeFence: available
16:27:28.509 [Test worker] DEBUG io.netty.util.internal.PlatformDependent0 - java.nio.Buffer.address: available
16:27:28.509 [Test worker] DEBUG io.netty.util.internal.PlatformDependent0 - direct buffer constructor: unavailable: Reflective setAccessible(true) disabled
16:27:28.510 [Test worker] DEBUG io.netty.util.internal.PlatformDependent0 - java.nio.Bits.unaligned: available, true
16:27:28.511 [Test worker] DEBUG io.netty.util.internal.PlatformDependent0 - jdk.internal.misc.Unsafe.allocateUninitializedArray(int): unavailable: class io.netty.util.internal.PlatformDependent0$7 cannot access class jdk.internal.misc.Unsafe (in module java.base) because module java.base does not export jdk.internal.misc to unnamed module @6302bbb1
16:27:28.513 [Test worker] DEBUG io.netty.util.internal.PlatformDependent0 - java.nio.DirectByteBuffer.<init>(long, int): unavailable
16:27:28.513 [Test worker] DEBUG io.netty.util.internal.PlatformDependent - sun.misc.Unsafe: available
16:27:28.521 [Test worker] DEBUG io.netty.util.internal.PlatformDependent - maxDirectMemory: 536870912 bytes (maybe)
16:27:28.521 [Test worker] DEBUG io.netty.util.internal.PlatformDependent - -Dio.netty.tmpdir: /var/folders/2v/qy1xw8cs74zcknl99bmymh9r0000gn/T (java.io.tmpdir)
16:27:28.521 [Test worker] DEBUG io.netty.util.internal.PlatformDependent - -Dio.netty.bitMode: 64 (sun.arch.data.model)
16:27:28.521 [Test worker] DEBUG io.netty.util.internal.PlatformDependent - Platform: MacOS
16:27:28.522 [Test worker] DEBUG io.netty.util.internal.PlatformDependent - -Dio.netty.maxDirectMemory: -1 bytes
16:27:28.522 [Test worker] DEBUG io.netty.util.internal.PlatformDependent - -Dio.netty.uninitializedArrayAllocationThreshold: -1
16:27:28.523 [Test worker] DEBUG io.netty.util.internal.CleanerJava9 - java.nio.ByteBuffer.cleaner(): available
16:27:28.523 [Test worker] DEBUG io.netty.util.internal.PlatformDependent - -Dio.netty.noPreferDirect: false
16:27:28.530 [Test worker] DEBUG io.netty.util.internal.PlatformDependent - org.jctools-core.MpscChunkedArrayQueue: available
16:27:28.554 [Test worker] DEBUG io.netty.util.internal.InternalThreadLocalMap - -Dio.netty.threadLocalMap.stringBuilder.initialSize: 1024
16:27:28.554 [Test worker] DEBUG io.netty.util.internal.InternalThreadLocalMap - -Dio.netty.threadLocalMap.stringBuilder.maxSize: 4096
16:27:28.594 [Test worker] DEBUG io.netty.handler.ssl.JdkSslContext - Default protocols (JDK): [TLSv1.3, TLSv1.2] 
16:27:28.594 [Test worker] DEBUG io.netty.handler.ssl.JdkSslContext - Default cipher suites (JDK): [TLS_ECDHE_ECDSA_WITH_AES_256_GCM_SHA384, TLS_ECDHE_ECDSA_WITH_AES_128_GCM_SHA256, TLS_ECDHE_RSA_WITH_AES_128_GCM_SHA256, TLS_ECDHE_RSA_WITH_AES_256_GCM_SHA384, TLS_ECDHE_RSA_WITH_AES_128_CBC_SHA, TLS_ECDHE_RSA_WITH_AES_256_CBC_SHA, TLS_RSA_WITH_AES_128_GCM_SHA256, TLS_RSA_WITH_AES_128_CBC_SHA, TLS_RSA_WITH_AES_256_CBC_SHA, TLS_AES_128_GCM_SHA256, TLS_AES_256_GCM_SHA384]
16:27:28.625 [Test worker] DEBUG io.netty.channel.MultithreadEventLoopGroup - -Dio.netty.eventLoopThreads: 16
16:27:28.633 [Test worker] DEBUG io.netty.channel.nio.NioEventLoop - -Dio.netty.noKeySetOptimization: false
16:27:28.633 [Test worker] DEBUG io.netty.channel.nio.NioEventLoop - -Dio.netty.selectorAutoRebuildThreshold: 512
16:27:28.665 [Test worker] DEBUG io.netty.buffer.PooledByteBufAllocator - -Dio.netty.allocator.numHeapArenas: 16
16:27:28.665 [Test worker] DEBUG io.netty.buffer.PooledByteBufAllocator - -Dio.netty.allocator.numDirectArenas: 16
16:27:28.665 [Test worker] DEBUG io.netty.buffer.PooledByteBufAllocator - -Dio.netty.allocator.pageSize: 8192
16:27:28.665 [Test worker] DEBUG io.netty.buffer.PooledByteBufAllocator - -Dio.netty.allocator.maxOrder: 9
16:27:28.665 [Test worker] DEBUG io.netty.buffer.PooledByteBufAllocator - -Dio.netty.allocator.chunkSize: 4194304
16:27:28.665 [Test worker] DEBUG io.netty.buffer.PooledByteBufAllocator - -Dio.netty.allocator.smallCacheSize: 256
16:27:28.665 [Test worker] DEBUG io.netty.buffer.PooledByteBufAllocator - -Dio.netty.allocator.normalCacheSize: 64
16:27:28.665 [Test worker] DEBUG io.netty.buffer.PooledByteBufAllocator - -Dio.netty.allocator.maxCachedBufferCapacity: 32768
16:27:28.665 [Test worker] DEBUG io.netty.buffer.PooledByteBufAllocator - -Dio.netty.allocator.cacheTrimInterval: 8192
16:27:28.665 [Test worker] DEBUG io.netty.buffer.PooledByteBufAllocator - -Dio.netty.allocator.cacheTrimIntervalMillis: 0
16:27:28.665 [Test worker] DEBUG io.netty.buffer.PooledByteBufAllocator - -Dio.netty.allocator.useCacheForAllThreads: false
16:27:28.665 [Test worker] DEBUG io.netty.buffer.PooledByteBufAllocator - -Dio.netty.allocator.maxCachedByteBuffersPerChunk: 1023
16:27:28.678 [Test worker] DEBUG io.netty.buffer.ByteBufUtil - -Dio.netty.allocator.type: pooled
16:27:28.678 [Test worker] DEBUG io.netty.buffer.ByteBufUtil - -Dio.netty.threadLocalDirectBufferSize: 0
16:27:28.678 [Test worker] DEBUG io.netty.buffer.ByteBufUtil - -Dio.netty.maxThreadLocalCharBufferSize: 16384
16:27:28.931 [Forwarding newSession on session null to remote] DEBUG io.netty.channel.DefaultChannelId - -Dio.netty.processId: 5366 (auto-detected)
16:27:28.933 [Forwarding newSession on session null to remote] DEBUG io.netty.util.NetUtil - -Djava.net.preferIPv4Stack: false
16:27:28.933 [Forwarding newSession on session null to remote] DEBUG io.netty.util.NetUtil - -Djava.net.preferIPv6Addresses: false
16:27:28.940 [Forwarding newSession on session null to remote] DEBUG io.netty.util.NetUtilInitializations - Loopback interface: lo0 (lo0, 0:0:0:0:0:0:0:1%lo0)
16:27:28.941 [Forwarding newSession on session null to remote] DEBUG io.netty.util.NetUtil - Failed to get SOMAXCONN from sysctl and file /proc/sys/net/core/somaxconn. Default: 128
16:27:28.945 [Forwarding newSession on session null to remote] DEBUG io.netty.channel.DefaultChannelId - -Dio.netty.machineId: ac:de:48:ff:fe:00:11:22 (auto-detected)
16:27:28.997 [AsyncHttpClient-1-2] DEBUG io.netty.buffer.AbstractByteBuf - -Dio.netty.buffer.checkAccessible: true
16:27:28.997 [AsyncHttpClient-1-2] DEBUG io.netty.buffer.AbstractByteBuf - -Dio.netty.buffer.checkBounds: true
16:27:28.998 [AsyncHttpClient-1-2] DEBUG io.netty.util.ResourceLeakDetectorFactory - Loaded default ResourceLeakDetector: io.netty.util.ResourceLeakDetector@1ef79dc
16:27:29.010 [AsyncHttpClient-1-2] DEBUG org.asynchttpclient.netty.channel.NettyConnectListener - Using new Channel '[id: 0xf052fa38, L:/127.0.0.1:51351 - R:localhost/127.0.0.1:51661]' for 'POST' to '/session'
16:27:29.026 [AsyncHttpClient-1-2] DEBUG io.netty.util.Recycler - -Dio.netty.recycler.maxCapacityPerThread: 4096
16:27:29.027 [AsyncHttpClient-1-2] DEBUG io.netty.util.Recycler - -Dio.netty.recycler.ratio: 8
16:27:29.027 [AsyncHttpClient-1-2] DEBUG io.netty.util.Recycler - -Dio.netty.recycler.chunkSize: 32
16:27:29.027 [AsyncHttpClient-1-2] DEBUG io.netty.util.Recycler - -Dio.netty.recycler.blocking: false
16:27:32.176 [AsyncHttpClient-1-2] DEBUG io.netty.handler.codec.compression.Brotli - brotli4j not in the classpath; Brotli support will be unavailable.
16:27:32.176 [AsyncHttpClient-1-2] DEBUG org.asynchttpclient.netty.handler.HttpHandler - 

Request DefaultHttpRequest(decodeResult: success, version: HTTP/1.1)
POST /session HTTP/1.1
User-Agent: selenium/4.4.0 (java mac)
Content-Length: 437
Content-Type: application/json; charset=utf-8
host: localhost:51661
accept: */*

Response DefaultHttpResponse(decodeResult: success, version: HTTP/1.1)
HTTP/1.1 200 OK
content-type: application/json; charset=utf-8
cache-control: no-cache
date: Sat, 22 Apr 2023 21:27:28 GMT
content-length: 797

16:27:32.188 [AsyncHttpClient-1-2] DEBUG org.asynchttpclient.netty.channel.ChannelManager - Adding key: http://localhost:51661 for channel [id: 0xf052fa38, L:/127.0.0.1:51351 - R:localhost/127.0.0.1:51661]
16:27:32.278 [AsyncHttpClient-1-3] DEBUG org.asynchttpclient.netty.channel.NettyConnectListener - Using new Channel '[id: 0x83dbf015, L:/127.0.0.1:51392 - R:/127.0.0.1:58863]' for 'GET' to '/json/version'
16:27:32.284 [AsyncHttpClient-1-3] DEBUG org.asynchttpclient.netty.handler.HttpHandler - 

Request DefaultFullHttpRequest(decodeResult: success, version: HTTP/1.1, content: EmptyByteBufBE)
GET /json/version HTTP/1.1
User-Agent: selenium/4.4.0 (java mac)
host: 127.0.0.1:58863
accept: */*

Response DefaultHttpResponse(decodeResult: success, version: HTTP/1.1)
HTTP/1.1 200 OK
content-type: application/json
connection: close
server: httpd.js
date: Sat, 22 Apr 2023 21:27:32 GMT
content-length: 315

16:27:32.285 [AsyncHttpClient-1-3] DEBUG org.asynchttpclient.netty.channel.ChannelManager - Closing Channel [id: 0x83dbf015, L:/127.0.0.1:51392 - R:/127.0.0.1:58863] 
16:27:32.286 [AsyncHttpClient-1-3] DEBUG org.asynchttpclient.netty.handler.HttpHandler - Channel Closed: [id: 0x83dbf015, L:/127.0.0.1:51392 ! R:/127.0.0.1:58863] with attribute DISCARD
16:27:32.301 [Forwarding setCurrentWindowSize on session fe5b22d2-123f-481f-ab2c-c57f4ba02fc9 to remote] DEBUG org.asynchttpclient.netty.request.NettyRequestSender - Using pooled Channel '[id: 0xf052fa38, L:/127.0.0.1:51351 - R:localhost/127.0.0.1:51661]' for 'POST' to 'http://localhost:51661/session/fe5b22d2-123f-481f-ab2c-c57f4ba02fc9/window/rect'
16:27:32.301 [Forwarding setCurrentWindowSize on session fe5b22d2-123f-481f-ab2c-c57f4ba02fc9 to remote] DEBUG org.asynchttpclient.netty.request.NettyRequestSender - Using open Channel [id: 0xf052fa38, L:/127.0.0.1:51351 - R:localhost/127.0.0.1:51661] for POST '/session/fe5b22d2-123f-481f-ab2c-c57f4ba02fc9/window/rect'
16:27:32.807 [AsyncHttpClient-1-2] DEBUG org.asynchttpclient.netty.handler.HttpHandler - 

Request DefaultHttpRequest(decodeResult: success, version: HTTP/1.1)
POST /session/fe5b22d2-123f-481f-ab2c-c57f4ba02fc9/window/rect HTTP/1.1
User-Agent: selenium/4.4.0 (java mac)
Content-Length: 37
Content-Type: application/json; charset=utf-8
host: localhost:51661
accept: */*

Response DefaultHttpResponse(decodeResult: success, version: HTTP/1.1)
HTTP/1.1 200 OK
content-type: application/json; charset=utf-8
cache-control: no-cache
date: Sat, 22 Apr 2023 21:27:32 GMT
content-length: 50

16:27:32.808 [AsyncHttpClient-1-2] DEBUG org.asynchttpclient.netty.channel.ChannelManager - Adding key: http://localhost:51661 for channel [id: 0xf052fa38, L:/127.0.0.1:51351 - R:localhost/127.0.0.1:51661]
16:27:32.816 [Forwarding setWindowPosition on session fe5b22d2-123f-481f-ab2c-c57f4ba02fc9 to remote] DEBUG org.asynchttpclient.netty.request.NettyRequestSender - Using pooled Channel '[id: 0xf052fa38, L:/127.0.0.1:51351 - R:localhost/127.0.0.1:51661]' for 'POST' to 'http://localhost:51661/session/fe5b22d2-123f-481f-ab2c-c57f4ba02fc9/window/rect'
16:27:32.816 [Forwarding setWindowPosition on session fe5b22d2-123f-481f-ab2c-c57f4ba02fc9 to remote] DEBUG org.asynchttpclient.netty.request.NettyRequestSender - Using open Channel [id: 0xf052fa38, L:/127.0.0.1:51351 - R:localhost/127.0.0.1:51661] for POST '/session/fe5b22d2-123f-481f-ab2c-c57f4ba02fc9/window/rect'
16:27:33.571 [AsyncHttpClient-1-2] DEBUG org.asynchttpclient.netty.handler.HttpHandler - 

Request DefaultHttpRequest(decodeResult: success, version: HTTP/1.1)
POST /session/fe5b22d2-123f-481f-ab2c-c57f4ba02fc9/window/rect HTTP/1.1
User-Agent: selenium/4.4.0 (java mac)
Content-Length: 22
Content-Type: application/json; charset=utf-8
host: localhost:51661
accept: */*

Response DefaultHttpResponse(decodeResult: success, version: HTTP/1.1)
HTTP/1.1 200 OK
content-type: application/json; charset=utf-8
cache-control: no-cache
date: Sat, 22 Apr 2023 21:27:32 GMT
content-length: 50

16:27:33.572 [AsyncHttpClient-1-2] DEBUG org.asynchttpclient.netty.channel.ChannelManager - Adding key: http://localhost:51661 for channel [id: 0xf052fa38, L:/127.0.0.1:51351 - R:localhost/127.0.0.1:51661]
16:27:34.036 [AsyncHttpClient-1-1] DEBUG org.asynchttpclient.netty.channel.DefaultChannelPool - Entry count for : http://localhost:51661 : 1
16:27:34.217 [Test worker] DEBUG net.thucydides.core.reflection.ClassFinder - Could not load class .starter.CucumberTestSuite
16:27:34.218 [Test worker] DEBUG net.thucydides.core.reflection.ClassFinder - Could not load class .starter.PageObject.FormInputPage
16:27:34.218 [Test worker] DEBUG net.thucydides.core.reflection.ClassFinder - Could not load class .starter.PageObject.FrontElementHomePage
16:27:34.218 [Test worker] DEBUG net.thucydides.core.reflection.ClassFinder - Could not load class .starter.navigation.BanColombiaHomePage
16:27:34.218 [Test worker] DEBUG net.thucydides.core.reflection.ClassFinder - Could not load class .starter.navigation.NavigateTo
16:27:34.218 [Test worker] DEBUG net.thucydides.core.reflection.ClassFinder - Could not load class .starter.stepdefinitions.CalcularTasaStep
16:27:34.218 [Test worker] DEBUG net.thucydides.core.reflection.ClassFinder - Could not load class .starter.task.InputTasa
16:27:34.218 [Test worker] DEBUG net.thucydides.core.reflection.ClassFinder - Could not load class .starter.task.SelectModulofinancier
16:27:34.218 [Test worker] DEBUG net.thucydides.core.reflection.ClassFinder - Could not load class .starter.task.SelectTool
16:27:34.218 [Test worker] DEBUG net.thucydides.core.reflection.ClassFinder - Could not load class .starter.task.ValidateResult
16:27:34.219 [Test worker] DEBUG net.thucydides.core.reflection.ClassFinder - Could not load class META-INF.versions.9.com.sun.istack.logging.StackHelper
16:27:34.219 [Test worker] DEBUG net.thucydides.core.reflection.ClassFinder - Could not load class META-INF.versions.9.com.sun.xml.bind.v2.runtime.reflect.opt.AccessorInjector
16:27:34.220 [Test worker] DEBUG net.thucydides.core.reflection.ClassFinder - Could not load class META-INF.versions.9.com.sun.xml.bind.v2.runtime.reflect.opt.Injector
16:27:34.220 [Test worker] DEBUG net.thucydides.core.reflection.ClassFinder - Could not load class META-INF.versions.9.com.sun.xml.bind.v2.runtime.reflect.opt.OptimizedAccessorFactory
16:27:34.220 [Test worker] DEBUG net.thucydides.core.reflection.ClassFinder - Could not load class META-INF.versions.9.com.sun.xml.bind.v2.runtime.reflect.opt.OptimizedTransducedAccessorFactory
16:27:34.220 [Test worker] DEBUG net.thucydides.core.reflection.ClassFinder - Could not load class META-INF.versions.9.io.opentelemetry.sdk.internal.CurrentJavaVersionSpecific
16:27:34.221 [Test worker] DEBUG net.thucydides.core.reflection.ClassFinder - Could not load class META-INF.versions.9.io.opentelemetry.sdk.internal.Java9VersionSpecific
16:27:34.221 [Test worker] DEBUG net.thucydides.core.reflection.ClassFinder - Could not load class META-INF.versions.9.javax.xml.bind.ModuleUtil
16:27:34.221 [Test worker] DEBUG net.thucydides.core.reflection.ClassFinder - Could not load class META-INF.versions.9.module-info
16:27:34.222 [Test worker] DEBUG net.thucydides.core.reflection.ClassFinder - Could not load class META-INF.versions.9.org.junit.platform.commons.util.ModuleUtils
16:27:34.478 [Test worker] DEBUG net.thucydides.core.reflection.ClassFinder - Could not load class com.google.gson.internal.
16:27:34.600 [Test worker] DEBUG net.thucydides.core.reflection.ClassFinder - Could not load class com.sun.xml.bind.v2.runtime.output.FastInfosetStreamWriterOutput
16:27:34.875 [Test worker] DEBUG net.thucydides.core.reflection.ClassFinder - Could not load class module-info
16:27:35.136 [AsyncHttpClient-1-1] DEBUG org.asynchttpclient.netty.channel.DefaultChannelPool - Entry count for : http://localhost:51661 : 1
16:27:36.235 [AsyncHttpClient-1-1] DEBUG org.asynchttpclient.netty.channel.DefaultChannelPool - Entry count for : http://localhost:51661 : 1
16:27:37.264 [Forwarding get on session fe5b22d2-123f-481f-ab2c-c57f4ba02fc9 to remote] DEBUG org.asynchttpclient.netty.request.NettyRequestSender - Using pooled Channel '[id: 0xf052fa38, L:/127.0.0.1:51351 - R:localhost/127.0.0.1:51661]' for 'POST' to 'http://localhost:51661/session/fe5b22d2-123f-481f-ab2c-c57f4ba02fc9/url'
16:27:37.264 [Forwarding get on session fe5b22d2-123f-481f-ab2c-c57f4ba02fc9 to remote] DEBUG org.asynchttpclient.netty.request.NettyRequestSender - Using open Channel [id: 0xf052fa38, L:/127.0.0.1:51351 - R:localhost/127.0.0.1:51661] for POST '/session/fe5b22d2-123f-481f-ab2c-c57f4ba02fc9/url'
16:27:44.103 [AsyncHttpClient-1-2] DEBUG org.asynchttpclient.netty.handler.HttpHandler - 

Request DefaultHttpRequest(decodeResult: success, version: HTTP/1.1)
POST /session/fe5b22d2-123f-481f-ab2c-c57f4ba02fc9/url HTTP/1.1
User-Agent: selenium/4.4.0 (java mac)
Content-Length: 66
Content-Type: application/json; charset=utf-8
host: localhost:51661
accept: */*

Response DefaultHttpResponse(decodeResult: success, version: HTTP/1.1)
HTTP/1.1 200 OK
content-type: application/json; charset=utf-8
cache-control: no-cache
date: Sat, 22 Apr 2023 21:27:37 GMT
content-length: 14

16:27:44.104 [AsyncHttpClient-1-2] DEBUG org.asynchttpclient.netty.channel.ChannelManager - Adding key: http://localhost:51661 for channel [id: 0xf052fa38, L:/127.0.0.1:51351 - R:localhost/127.0.0.1:51661]
16:27:44.107 [Forwarding setTimeout on session fe5b22d2-123f-481f-ab2c-c57f4ba02fc9 to remote] DEBUG org.asynchttpclient.netty.request.NettyRequestSender - Using pooled Channel '[id: 0xf052fa38, L:/127.0.0.1:51351 - R:localhost/127.0.0.1:51661]' for 'POST' to 'http://localhost:51661/session/fe5b22d2-123f-481f-ab2c-c57f4ba02fc9/timeouts'
16:27:44.107 [Forwarding setTimeout on session fe5b22d2-123f-481f-ab2c-c57f4ba02fc9 to remote] DEBUG org.asynchttpclient.netty.request.NettyRequestSender - Using open Channel [id: 0xf052fa38, L:/127.0.0.1:51351 - R:localhost/127.0.0.1:51661] for POST '/session/fe5b22d2-123f-481f-ab2c-c57f4ba02fc9/timeouts'
16:27:44.114 [AsyncHttpClient-1-2] DEBUG org.asynchttpclient.netty.handler.HttpHandler - 

Request DefaultHttpRequest(decodeResult: success, version: HTTP/1.1)
POST /session/fe5b22d2-123f-481f-ab2c-c57f4ba02fc9/timeouts HTTP/1.1
User-Agent: selenium/4.4.0 (java mac)
Content-Length: 22
Content-Type: application/json; charset=utf-8
host: localhost:51661
accept: */*

Response DefaultHttpResponse(decodeResult: success, version: HTTP/1.1)
HTTP/1.1 200 OK
content-type: application/json; charset=utf-8
cache-control: no-cache
date: Sat, 22 Apr 2023 21:27:44 GMT
content-length: 14

16:27:44.115 [AsyncHttpClient-1-2] DEBUG org.asynchttpclient.netty.channel.ChannelManager - Adding key: http://localhost:51661 for channel [id: 0xf052fa38, L:/127.0.0.1:51351 - R:localhost/127.0.0.1:51661]
16:27:44.123 [Forwarding getCurrentUrl on session fe5b22d2-123f-481f-ab2c-c57f4ba02fc9 to remote] DEBUG org.asynchttpclient.netty.request.NettyRequestSender - Using pooled Channel '[id: 0xf052fa38, L:/127.0.0.1:51351 - R:localhost/127.0.0.1:51661]' for 'GET' to 'http://localhost:51661/session/fe5b22d2-123f-481f-ab2c-c57f4ba02fc9/url'
16:27:44.124 [Forwarding getCurrentUrl on session fe5b22d2-123f-481f-ab2c-c57f4ba02fc9 to remote] DEBUG org.asynchttpclient.netty.request.NettyRequestSender - Using open Channel [id: 0xf052fa38, L:/127.0.0.1:51351 - R:localhost/127.0.0.1:51661] for GET '/session/fe5b22d2-123f-481f-ab2c-c57f4ba02fc9/url'
16:27:44.126 [AsyncHttpClient-1-2] DEBUG org.asynchttpclient.netty.handler.HttpHandler - 

Request DefaultFullHttpRequest(decodeResult: success, version: HTTP/1.1, content: EmptyByteBufBE)
GET /session/fe5b22d2-123f-481f-ab2c-c57f4ba02fc9/url HTTP/1.1
User-Agent: selenium/4.4.0 (java mac)
Cache-Control: no-cache
Content-Type: application/json; charset=utf-8
host: localhost:51661
accept: */*

Response DefaultHttpResponse(decodeResult: success, version: HTTP/1.1)
HTTP/1.1 200 OK
content-type: application/json; charset=utf-8
cache-control: no-cache
date: Sat, 22 Apr 2023 21:27:44 GMT
content-length: 48

16:27:44.126 [AsyncHttpClient-1-2] DEBUG org.asynchttpclient.netty.channel.ChannelManager - Adding key: http://localhost:51661 for channel [id: 0xf052fa38, L:/127.0.0.1:51351 - R:localhost/127.0.0.1:51661]
16:27:44.134 [Forwarding getCurrentUrl on session fe5b22d2-123f-481f-ab2c-c57f4ba02fc9 to remote] DEBUG org.asynchttpclient.netty.request.NettyRequestSender - Using pooled Channel '[id: 0xf052fa38, L:/127.0.0.1:51351 - R:localhost/127.0.0.1:51661]' for 'GET' to 'http://localhost:51661/session/fe5b22d2-123f-481f-ab2c-c57f4ba02fc9/url'
16:27:44.135 [Forwarding getCurrentUrl on session fe5b22d2-123f-481f-ab2c-c57f4ba02fc9 to remote] DEBUG org.asynchttpclient.netty.request.NettyRequestSender - Using open Channel [id: 0xf052fa38, L:/127.0.0.1:51351 - R:localhost/127.0.0.1:51661] for GET '/session/fe5b22d2-123f-481f-ab2c-c57f4ba02fc9/url'
16:27:44.137 [AsyncHttpClient-1-2] DEBUG org.asynchttpclient.netty.handler.HttpHandler - 

Request DefaultFullHttpRequest(decodeResult: success, version: HTTP/1.1, content: EmptyByteBufBE)
GET /session/fe5b22d2-123f-481f-ab2c-c57f4ba02fc9/url HTTP/1.1
User-Agent: selenium/4.4.0 (java mac)
Cache-Control: no-cache
Content-Type: application/json; charset=utf-8
host: localhost:51661
accept: */*

Response DefaultHttpResponse(decodeResult: success, version: HTTP/1.1)
HTTP/1.1 200 OK
content-type: application/json; charset=utf-8
cache-control: no-cache
date: Sat, 22 Apr 2023 21:27:44 GMT
content-length: 48

16:27:44.137 [AsyncHttpClient-1-2] DEBUG org.asynchttpclient.netty.channel.ChannelManager - Adding key: http://localhost:51661 for channel [id: 0xf052fa38, L:/127.0.0.1:51351 - R:localhost/127.0.0.1:51661]
16:27:44.160 [Test worker] DEBUG net.serenitybdd.core.photography.Darkroom - Opening darkroom
16:27:44.162 [Darkroom Processing Line] DEBUG net.serenitybdd.core.photography.DarkroomProcessingLine - Darkroom processing line starting up
16:27:44.173 [Forwarding getCurrentWindowHandle on session fe5b22d2-123f-481f-ab2c-c57f4ba02fc9 to remote] DEBUG org.asynchttpclient.netty.request.NettyRequestSender - Using pooled Channel '[id: 0xf052fa38, L:/127.0.0.1:51351 - R:localhost/127.0.0.1:51661]' for 'GET' to 'http://localhost:51661/session/fe5b22d2-123f-481f-ab2c-c57f4ba02fc9/window'
16:27:44.173 [Forwarding getCurrentWindowHandle on session fe5b22d2-123f-481f-ab2c-c57f4ba02fc9 to remote] DEBUG org.asynchttpclient.netty.request.NettyRequestSender - Using open Channel [id: 0xf052fa38, L:/127.0.0.1:51351 - R:localhost/127.0.0.1:51661] for GET '/session/fe5b22d2-123f-481f-ab2c-c57f4ba02fc9/window'
16:27:44.175 [AsyncHttpClient-1-2] DEBUG org.asynchttpclient.netty.handler.HttpHandler - 

Request DefaultFullHttpRequest(decodeResult: success, version: HTTP/1.1, content: EmptyByteBufBE)
GET /session/fe5b22d2-123f-481f-ab2c-c57f4ba02fc9/window HTTP/1.1
User-Agent: selenium/4.4.0 (java mac)
Cache-Control: no-cache
Content-Type: application/json; charset=utf-8
host: localhost:51661
accept: */*

Response DefaultHttpResponse(decodeResult: success, version: HTTP/1.1)
HTTP/1.1 200 OK
content-type: application/json; charset=utf-8
cache-control: no-cache
date: Sat, 22 Apr 2023 21:27:44 GMT
content-length: 48

16:27:44.176 [AsyncHttpClient-1-2] DEBUG org.asynchttpclient.netty.channel.ChannelManager - Adding key: http://localhost:51661 for channel [id: 0xf052fa38, L:/127.0.0.1:51351 - R:localhost/127.0.0.1:51661]
16:27:44.183 [Forwarding getAlertText on session fe5b22d2-123f-481f-ab2c-c57f4ba02fc9 to remote] DEBUG org.asynchttpclient.netty.request.NettyRequestSender - Using pooled Channel '[id: 0xf052fa38, L:/127.0.0.1:51351 - R:localhost/127.0.0.1:51661]' for 'GET' to 'http://localhost:51661/session/fe5b22d2-123f-481f-ab2c-c57f4ba02fc9/alert/text'
16:27:44.184 [Forwarding getAlertText on session fe5b22d2-123f-481f-ab2c-c57f4ba02fc9 to remote] DEBUG org.asynchttpclient.netty.request.NettyRequestSender - Using open Channel [id: 0xf052fa38, L:/127.0.0.1:51351 - R:localhost/127.0.0.1:51661] for GET '/session/fe5b22d2-123f-481f-ab2c-c57f4ba02fc9/alert/text'
16:27:44.187 [AsyncHttpClient-1-2] DEBUG org.asynchttpclient.netty.handler.HttpHandler - 

Request DefaultFullHttpRequest(decodeResult: success, version: HTTP/1.1, content: EmptyByteBufBE)
GET /session/fe5b22d2-123f-481f-ab2c-c57f4ba02fc9/alert/text HTTP/1.1
User-Agent: selenium/4.4.0 (java mac)
Cache-Control: no-cache
Content-Type: application/json; charset=utf-8
host: localhost:51661
accept: */*

Response DefaultHttpResponse(decodeResult: success, version: HTTP/1.1)
HTTP/1.1 404 Not Found
content-type: application/json; charset=utf-8
cache-control: no-cache
date: Sat, 22 Apr 2023 21:27:44 GMT
content-length: 842

16:27:44.188 [AsyncHttpClient-1-2] DEBUG org.asynchttpclient.netty.channel.ChannelManager - Adding key: http://localhost:51661 for channel [id: 0xf052fa38, L:/127.0.0.1:51351 - R:localhost/127.0.0.1:51661]
16:27:44.207 [Forwarding switchToWindow on session fe5b22d2-123f-481f-ab2c-c57f4ba02fc9 to remote] DEBUG org.asynchttpclient.netty.request.NettyRequestSender - Using pooled Channel '[id: 0xf052fa38, L:/127.0.0.1:51351 - R:localhost/127.0.0.1:51661]' for 'POST' to 'http://localhost:51661/session/fe5b22d2-123f-481f-ab2c-c57f4ba02fc9/window'
16:27:44.207 [Forwarding switchToWindow on session fe5b22d2-123f-481f-ab2c-c57f4ba02fc9 to remote] DEBUG org.asynchttpclient.netty.request.NettyRequestSender - Using open Channel [id: 0xf052fa38, L:/127.0.0.1:51351 - R:localhost/127.0.0.1:51661] for POST '/session/fe5b22d2-123f-481f-ab2c-c57f4ba02fc9/window'
16:27:44.216 [AsyncHttpClient-1-2] DEBUG org.asynchttpclient.netty.handler.HttpHandler - 

Request DefaultHttpRequest(decodeResult: success, version: HTTP/1.1)
POST /session/fe5b22d2-123f-481f-ab2c-c57f4ba02fc9/window HTTP/1.1
User-Agent: selenium/4.4.0 (java mac)
Content-Length: 54
Content-Type: application/json; charset=utf-8
host: localhost:51661
accept: */*

Response DefaultHttpResponse(decodeResult: success, version: HTTP/1.1)
HTTP/1.1 200 OK
content-type: application/json; charset=utf-8
cache-control: no-cache
date: Sat, 22 Apr 2023 21:27:44 GMT
content-length: 14

16:27:44.216 [AsyncHttpClient-1-2] DEBUG org.asynchttpclient.netty.channel.ChannelManager - Adding key: http://localhost:51661 for channel [id: 0xf052fa38, L:/127.0.0.1:51351 - R:localhost/127.0.0.1:51661]
16:27:44.218 [Forwarding getCurrentUrl on session fe5b22d2-123f-481f-ab2c-c57f4ba02fc9 to remote] DEBUG org.asynchttpclient.netty.request.NettyRequestSender - Using pooled Channel '[id: 0xf052fa38, L:/127.0.0.1:51351 - R:localhost/127.0.0.1:51661]' for 'GET' to 'http://localhost:51661/session/fe5b22d2-123f-481f-ab2c-c57f4ba02fc9/url'
16:27:44.218 [Forwarding getCurrentUrl on session fe5b22d2-123f-481f-ab2c-c57f4ba02fc9 to remote] DEBUG org.asynchttpclient.netty.request.NettyRequestSender - Using open Channel [id: 0xf052fa38, L:/127.0.0.1:51351 - R:localhost/127.0.0.1:51661] for GET '/session/fe5b22d2-123f-481f-ab2c-c57f4ba02fc9/url'
16:27:44.222 [AsyncHttpClient-1-2] DEBUG org.asynchttpclient.netty.handler.HttpHandler - 

Request DefaultFullHttpRequest(decodeResult: success, version: HTTP/1.1, content: EmptyByteBufBE)
GET /session/fe5b22d2-123f-481f-ab2c-c57f4ba02fc9/url HTTP/1.1
User-Agent: selenium/4.4.0 (java mac)
Cache-Control: no-cache
Content-Type: application/json; charset=utf-8
host: localhost:51661
accept: */*

Response DefaultHttpResponse(decodeResult: success, version: HTTP/1.1)
HTTP/1.1 200 OK
content-type: application/json; charset=utf-8
cache-control: no-cache
date: Sat, 22 Apr 2023 21:27:44 GMT
content-length: 48

16:27:44.223 [AsyncHttpClient-1-2] DEBUG org.asynchttpclient.netty.channel.ChannelManager - Adding key: http://localhost:51661 for channel [id: 0xf052fa38, L:/127.0.0.1:51351 - R:localhost/127.0.0.1:51661]
16:27:44.226 [Forwarding screenshot on session fe5b22d2-123f-481f-ab2c-c57f4ba02fc9 to remote] DEBUG org.asynchttpclient.netty.request.NettyRequestSender - Using pooled Channel '[id: 0xf052fa38, L:/127.0.0.1:51351 - R:localhost/127.0.0.1:51661]' for 'GET' to 'http://localhost:51661/session/fe5b22d2-123f-481f-ab2c-c57f4ba02fc9/screenshot'
16:27:44.226 [Forwarding screenshot on session fe5b22d2-123f-481f-ab2c-c57f4ba02fc9 to remote] DEBUG org.asynchttpclient.netty.request.NettyRequestSender - Using open Channel [id: 0xf052fa38, L:/127.0.0.1:51351 - R:localhost/127.0.0.1:51661] for GET '/session/fe5b22d2-123f-481f-ab2c-c57f4ba02fc9/screenshot'
16:27:44.556 [AsyncHttpClient-1-2] DEBUG org.asynchttpclient.netty.handler.HttpHandler - 

Request DefaultFullHttpRequest(decodeResult: success, version: HTTP/1.1, content: EmptyByteBufBE)
GET /session/fe5b22d2-123f-481f-ab2c-c57f4ba02fc9/screenshot HTTP/1.1
User-Agent: selenium/4.4.0 (java mac)
Cache-Control: no-cache
Content-Type: application/json; charset=utf-8
host: localhost:51661
accept: */*

Response DefaultHttpResponse(decodeResult: success, version: HTTP/1.1)
HTTP/1.1 200 OK
content-type: application/json; charset=utf-8
cache-control: no-cache
date: Sat, 22 Apr 2023 21:27:44 GMT
content-length: 1705160

16:27:44.571 [AsyncHttpClient-1-2] DEBUG org.asynchttpclient.netty.channel.ChannelManager - Adding key: http://localhost:51661 for channel [id: 0xf052fa38, L:/127.0.0.1:51351 - R:localhost/127.0.0.1:51661]
16:27:44.702 [Test worker] DEBUG net.serenitybdd.core.photography.Darkroom - Send negative for processing for /Users/macbookk/IdeaProjects/GeoPrueba/target/site/serenity/f6df2137d43b27b076b574fc88972d90377a1235360e606bc4109b3344bd2f51.png
16:27:44.702 [Darkroom Processing Line] DEBUG net.serenitybdd.core.photography.DarkroomProcessingLine - Processing screenshot image in /var/screenshots/screenshot-3950901870203155137
16:27:44.702 [Darkroom Processing Line] DEBUG net.serenitybdd.core.photography.DarkroomProcessingLine - Saving screenshot to /Users/macbookk/IdeaProjects/GeoPrueba/target/site/serenity/f6df2137d43b27b076b574fc88972d90377a1235360e606bc4109b3344bd2f51.png
16:27:44.704 [Test worker] DEBUG net.thucydides.core.steps.StepInterceptor - STEP DONE: {0} opens the #targetPageName
16:27:44.722 [Test worker] DEBUG net.thucydides.core.steps.StepInterceptor - STEP DONE: !#title
16:27:44.745 [Forwarding getPageSource on session fe5b22d2-123f-481f-ab2c-c57f4ba02fc9 to remote] DEBUG org.asynchttpclient.netty.request.NettyRequestSender - Using pooled Channel '[id: 0xf052fa38, L:/127.0.0.1:51351 - R:localhost/127.0.0.1:51661]' for 'POST' to 'http://localhost:51661/session/fe5b22d2-123f-481f-ab2c-c57f4ba02fc9/execute/sync'
16:27:44.745 [Forwarding getPageSource on session fe5b22d2-123f-481f-ab2c-c57f4ba02fc9 to remote] DEBUG org.asynchttpclient.netty.request.NettyRequestSender - Using open Channel [id: 0xf052fa38, L:/127.0.0.1:51351 - R:localhost/127.0.0.1:51661] for POST '/session/fe5b22d2-123f-481f-ab2c-c57f4ba02fc9/execute/sync'
16:27:44.793 [AsyncHttpClient-1-2] DEBUG org.asynchttpclient.netty.handler.HttpHandler - 

Request DefaultHttpRequest(decodeResult: success, version: HTTP/1.1)
POST /session/fe5b22d2-123f-481f-ab2c-c57f4ba02fc9/execute/sync HTTP/1.1
User-Agent: selenium/4.4.0 (java mac)
Content-Length: 176
Content-Type: application/json; charset=utf-8
host: localhost:51661
accept: */*

Response DefaultHttpResponse(decodeResult: success, version: HTTP/1.1)
HTTP/1.1 200 OK
content-type: application/json; charset=utf-8
cache-control: no-cache
date: Sat, 22 Apr 2023 21:27:44 GMT
content-length: 216590

16:27:44.796 [AsyncHttpClient-1-2] DEBUG org.asynchttpclient.netty.channel.ChannelManager - Adding key: http://localhost:51661 for channel [id: 0xf052fa38, L:/127.0.0.1:51351 - R:localhost/127.0.0.1:51661]
16:27:44.979 [Forwarding getCurrentUrl on session fe5b22d2-123f-481f-ab2c-c57f4ba02fc9 to remote] DEBUG org.asynchttpclient.netty.request.NettyRequestSender - Using pooled Channel '[id: 0xf052fa38, L:/127.0.0.1:51351 - R:localhost/127.0.0.1:51661]' for 'GET' to 'http://localhost:51661/session/fe5b22d2-123f-481f-ab2c-c57f4ba02fc9/url'
16:27:44.980 [Forwarding getCurrentUrl on session fe5b22d2-123f-481f-ab2c-c57f4ba02fc9 to remote] DEBUG org.asynchttpclient.netty.request.NettyRequestSender - Using open Channel [id: 0xf052fa38, L:/127.0.0.1:51351 - R:localhost/127.0.0.1:51661] for GET '/session/fe5b22d2-123f-481f-ab2c-c57f4ba02fc9/url'
16:27:44.983 [AsyncHttpClient-1-2] DEBUG org.asynchttpclient.netty.handler.HttpHandler - 

Request DefaultFullHttpRequest(decodeResult: success, version: HTTP/1.1, content: EmptyByteBufBE)
GET /session/fe5b22d2-123f-481f-ab2c-c57f4ba02fc9/url HTTP/1.1
User-Agent: selenium/4.4.0 (java mac)
Cache-Control: no-cache
Content-Type: application/json; charset=utf-8
host: localhost:51661
accept: */*

Response DefaultHttpResponse(decodeResult: success, version: HTTP/1.1)
HTTP/1.1 200 OK
content-type: application/json; charset=utf-8
cache-control: no-cache
date: Sat, 22 Apr 2023 21:27:44 GMT
content-length: 48

16:27:44.983 [AsyncHttpClient-1-2] DEBUG org.asynchttpclient.netty.channel.ChannelManager - Adding key: http://localhost:51661 for channel [id: 0xf052fa38, L:/127.0.0.1:51351 - R:localhost/127.0.0.1:51661]
16:27:45.036 [AsyncHttpClient-1-1] DEBUG org.asynchttpclient.netty.channel.DefaultChannelPool - Entry count for : http://localhost:51661 : 1
16:27:45.048 [Forwarding getCurrentWindowHandle on session fe5b22d2-123f-481f-ab2c-c57f4ba02fc9 to remote] DEBUG org.asynchttpclient.netty.request.NettyRequestSender - Using pooled Channel '[id: 0xf052fa38, L:/127.0.0.1:51351 - R:localhost/127.0.0.1:51661]' for 'GET' to 'http://localhost:51661/session/fe5b22d2-123f-481f-ab2c-c57f4ba02fc9/window'
16:27:45.048 [Forwarding getCurrentWindowHandle on session fe5b22d2-123f-481f-ab2c-c57f4ba02fc9 to remote] DEBUG org.asynchttpclient.netty.request.NettyRequestSender - Using open Channel [id: 0xf052fa38, L:/127.0.0.1:51351 - R:localhost/127.0.0.1:51661] for GET '/session/fe5b22d2-123f-481f-ab2c-c57f4ba02fc9/window'
16:27:45.050 [AsyncHttpClient-1-2] DEBUG org.asynchttpclient.netty.handler.HttpHandler - 

Request DefaultFullHttpRequest(decodeResult: success, version: HTTP/1.1, content: EmptyByteBufBE)
GET /session/fe5b22d2-123f-481f-ab2c-c57f4ba02fc9/window HTTP/1.1
User-Agent: selenium/4.4.0 (java mac)
Cache-Control: no-cache
Content-Type: application/json; charset=utf-8
host: localhost:51661
accept: */*

Response DefaultHttpResponse(decodeResult: success, version: HTTP/1.1)
HTTP/1.1 200 OK
content-type: application/json; charset=utf-8
cache-control: no-cache
date: Sat, 22 Apr 2023 21:27:44 GMT
content-length: 48

16:27:45.050 [AsyncHttpClient-1-2] DEBUG org.asynchttpclient.netty.channel.ChannelManager - Adding key: http://localhost:51661 for channel [id: 0xf052fa38, L:/127.0.0.1:51351 - R:localhost/127.0.0.1:51661]
16:27:45.054 [Forwarding getAlertText on session fe5b22d2-123f-481f-ab2c-c57f4ba02fc9 to remote] DEBUG org.asynchttpclient.netty.request.NettyRequestSender - Using pooled Channel '[id: 0xf052fa38, L:/127.0.0.1:51351 - R:localhost/127.0.0.1:51661]' for 'GET' to 'http://localhost:51661/session/fe5b22d2-123f-481f-ab2c-c57f4ba02fc9/alert/text'
16:27:45.054 [Forwarding getAlertText on session fe5b22d2-123f-481f-ab2c-c57f4ba02fc9 to remote] DEBUG org.asynchttpclient.netty.request.NettyRequestSender - Using open Channel [id: 0xf052fa38, L:/127.0.0.1:51351 - R:localhost/127.0.0.1:51661] for GET '/session/fe5b22d2-123f-481f-ab2c-c57f4ba02fc9/alert/text'
16:27:45.056 [AsyncHttpClient-1-2] DEBUG org.asynchttpclient.netty.handler.HttpHandler - 

Request DefaultFullHttpRequest(decodeResult: success, version: HTTP/1.1, content: EmptyByteBufBE)
GET /session/fe5b22d2-123f-481f-ab2c-c57f4ba02fc9/alert/text HTTP/1.1
User-Agent: selenium/4.4.0 (java mac)
Cache-Control: no-cache
Content-Type: application/json; charset=utf-8
host: localhost:51661
accept: */*

Response DefaultHttpResponse(decodeResult: success, version: HTTP/1.1)
HTTP/1.1 404 Not Found
content-type: application/json; charset=utf-8
cache-control: no-cache
date: Sat, 22 Apr 2023 21:27:44 GMT
content-length: 842

16:27:45.057 [AsyncHttpClient-1-2] DEBUG org.asynchttpclient.netty.channel.ChannelManager - Adding key: http://localhost:51661 for channel [id: 0xf052fa38, L:/127.0.0.1:51351 - R:localhost/127.0.0.1:51661]
16:27:45.064 [Forwarding switchToWindow on session fe5b22d2-123f-481f-ab2c-c57f4ba02fc9 to remote] DEBUG org.asynchttpclient.netty.request.NettyRequestSender - Using pooled Channel '[id: 0xf052fa38, L:/127.0.0.1:51351 - R:localhost/127.0.0.1:51661]' for 'POST' to 'http://localhost:51661/session/fe5b22d2-123f-481f-ab2c-c57f4ba02fc9/window'
16:27:45.065 [Forwarding switchToWindow on session fe5b22d2-123f-481f-ab2c-c57f4ba02fc9 to remote] DEBUG org.asynchttpclient.netty.request.NettyRequestSender - Using open Channel [id: 0xf052fa38, L:/127.0.0.1:51351 - R:localhost/127.0.0.1:51661] for POST '/session/fe5b22d2-123f-481f-ab2c-c57f4ba02fc9/window'
16:27:45.068 [AsyncHttpClient-1-2] DEBUG org.asynchttpclient.netty.handler.HttpHandler - 

Request DefaultHttpRequest(decodeResult: success, version: HTTP/1.1)
POST /session/fe5b22d2-123f-481f-ab2c-c57f4ba02fc9/window HTTP/1.1
User-Agent: selenium/4.4.0 (java mac)
Content-Length: 54
Content-Type: application/json; charset=utf-8
host: localhost:51661
accept: */*

Response DefaultHttpResponse(decodeResult: success, version: HTTP/1.1)
HTTP/1.1 200 OK
content-type: application/json; charset=utf-8
cache-control: no-cache
date: Sat, 22 Apr 2023 21:27:44 GMT
content-length: 14

16:27:45.068 [AsyncHttpClient-1-2] DEBUG org.asynchttpclient.netty.channel.ChannelManager - Adding key: http://localhost:51661 for channel [id: 0xf052fa38, L:/127.0.0.1:51351 - R:localhost/127.0.0.1:51661]
16:27:45.069 [Forwarding getCurrentUrl on session fe5b22d2-123f-481f-ab2c-c57f4ba02fc9 to remote] DEBUG org.asynchttpclient.netty.request.NettyRequestSender - Using pooled Channel '[id: 0xf052fa38, L:/127.0.0.1:51351 - R:localhost/127.0.0.1:51661]' for 'GET' to 'http://localhost:51661/session/fe5b22d2-123f-481f-ab2c-c57f4ba02fc9/url'
16:27:45.069 [Forwarding getCurrentUrl on session fe5b22d2-123f-481f-ab2c-c57f4ba02fc9 to remote] DEBUG org.asynchttpclient.netty.request.NettyRequestSender - Using open Channel [id: 0xf052fa38, L:/127.0.0.1:51351 - R:localhost/127.0.0.1:51661] for GET '/session/fe5b22d2-123f-481f-ab2c-c57f4ba02fc9/url'
16:27:45.071 [AsyncHttpClient-1-2] DEBUG org.asynchttpclient.netty.handler.HttpHandler - 

Request DefaultFullHttpRequest(decodeResult: success, version: HTTP/1.1, content: EmptyByteBufBE)
GET /session/fe5b22d2-123f-481f-ab2c-c57f4ba02fc9/url HTTP/1.1
User-Agent: selenium/4.4.0 (java mac)
Cache-Control: no-cache
Content-Type: application/json; charset=utf-8
host: localhost:51661
accept: */*

Response DefaultHttpResponse(decodeResult: success, version: HTTP/1.1)
HTTP/1.1 200 OK
content-type: application/json; charset=utf-8
cache-control: no-cache
date: Sat, 22 Apr 2023 21:27:44 GMT
content-length: 48

16:27:45.072 [AsyncHttpClient-1-2] DEBUG org.asynchttpclient.netty.channel.ChannelManager - Adding key: http://localhost:51661 for channel [id: 0xf052fa38, L:/127.0.0.1:51351 - R:localhost/127.0.0.1:51661]
16:27:45.073 [Forwarding screenshot on session fe5b22d2-123f-481f-ab2c-c57f4ba02fc9 to remote] DEBUG org.asynchttpclient.netty.request.NettyRequestSender - Using pooled Channel '[id: 0xf052fa38, L:/127.0.0.1:51351 - R:localhost/127.0.0.1:51661]' for 'GET' to 'http://localhost:51661/session/fe5b22d2-123f-481f-ab2c-c57f4ba02fc9/screenshot'
16:27:45.073 [Forwarding screenshot on session fe5b22d2-123f-481f-ab2c-c57f4ba02fc9 to remote] DEBUG org.asynchttpclient.netty.request.NettyRequestSender - Using open Channel [id: 0xf052fa38, L:/127.0.0.1:51351 - R:localhost/127.0.0.1:51661] for GET '/session/fe5b22d2-123f-481f-ab2c-c57f4ba02fc9/screenshot'
16:27:45.390 [AsyncHttpClient-1-2] DEBUG org.asynchttpclient.netty.handler.HttpHandler - 

Request DefaultFullHttpRequest(decodeResult: success, version: HTTP/1.1, content: EmptyByteBufBE)
GET /session/fe5b22d2-123f-481f-ab2c-c57f4ba02fc9/screenshot HTTP/1.1
User-Agent: selenium/4.4.0 (java mac)
Cache-Control: no-cache
Content-Type: application/json; charset=utf-8
host: localhost:51661
accept: */*

Response DefaultHttpResponse(decodeResult: success, version: HTTP/1.1)
HTTP/1.1 200 OK
content-type: application/json; charset=utf-8
cache-control: no-cache
date: Sat, 22 Apr 2023 21:27:44 GMT
content-length: 2305328

16:27:45.405 [AsyncHttpClient-1-2] DEBUG org.asynchttpclient.netty.channel.ChannelManager - Adding key: http://localhost:51661 for channel [id: 0xf052fa38, L:/127.0.0.1:51351 - R:localhost/127.0.0.1:51661]
16:27:45.500 [Test worker] DEBUG net.serenitybdd.core.photography.Darkroom - Send negative for processing for /Users/macbookk/IdeaProjects/GeoPrueba/target/site/serenity/af7df9a74d606b82f77fbb8767f7ff92ceef72f4602f69ecb087943dad2f9417.png
16:27:45.500 [Darkroom Processing Line] DEBUG net.serenitybdd.core.photography.DarkroomProcessingLine - Processing screenshot image in /var/screenshots/screenshot-17351224714603922995
16:27:45.501 [Darkroom Processing Line] DEBUG net.serenitybdd.core.photography.DarkroomProcessingLine - Saving screenshot to /Users/macbookk/IdeaProjects/GeoPrueba/target/site/serenity/af7df9a74d606b82f77fbb8767f7ff92ceef72f4602f69ecb087943dad2f9417.png
16:27:45.509 [Forwarding getPageSource on session fe5b22d2-123f-481f-ab2c-c57f4ba02fc9 to remote] DEBUG org.asynchttpclient.netty.request.NettyRequestSender - Using pooled Channel '[id: 0xf052fa38, L:/127.0.0.1:51351 - R:localhost/127.0.0.1:51661]' for 'POST' to 'http://localhost:51661/session/fe5b22d2-123f-481f-ab2c-c57f4ba02fc9/execute/sync'
16:27:45.509 [Forwarding getPageSource on session fe5b22d2-123f-481f-ab2c-c57f4ba02fc9 to remote] DEBUG org.asynchttpclient.netty.request.NettyRequestSender - Using open Channel [id: 0xf052fa38, L:/127.0.0.1:51351 - R:localhost/127.0.0.1:51661] for POST '/session/fe5b22d2-123f-481f-ab2c-c57f4ba02fc9/execute/sync'
16:27:45.575 [AsyncHttpClient-1-2] DEBUG org.asynchttpclient.netty.handler.HttpHandler - 

Request DefaultHttpRequest(decodeResult: success, version: HTTP/1.1)
POST /session/fe5b22d2-123f-481f-ab2c-c57f4ba02fc9/execute/sync HTTP/1.1
User-Agent: selenium/4.4.0 (java mac)
Content-Length: 176
Content-Type: application/json; charset=utf-8
host: localhost:51661
accept: */*

Response DefaultHttpResponse(decodeResult: success, version: HTTP/1.1)
HTTP/1.1 200 OK
content-type: application/json; charset=utf-8
cache-control: no-cache
date: Sat, 22 Apr 2023 21:27:45 GMT
content-length: 216588

16:27:45.576 [AsyncHttpClient-1-2] DEBUG org.asynchttpclient.netty.channel.ChannelManager - Adding key: http://localhost:51661 for channel [id: 0xf052fa38, L:/127.0.0.1:51351 - R:localhost/127.0.0.1:51661]
16:27:45.618 [Forwarding getCurrentUrl on session fe5b22d2-123f-481f-ab2c-c57f4ba02fc9 to remote] DEBUG org.asynchttpclient.netty.request.NettyRequestSender - Using pooled Channel '[id: 0xf052fa38, L:/127.0.0.1:51351 - R:localhost/127.0.0.1:51661]' for 'GET' to 'http://localhost:51661/session/fe5b22d2-123f-481f-ab2c-c57f4ba02fc9/url'
16:27:45.618 [Forwarding getCurrentUrl on session fe5b22d2-123f-481f-ab2c-c57f4ba02fc9 to remote] DEBUG org.asynchttpclient.netty.request.NettyRequestSender - Using open Channel [id: 0xf052fa38, L:/127.0.0.1:51351 - R:localhost/127.0.0.1:51661] for GET '/session/fe5b22d2-123f-481f-ab2c-c57f4ba02fc9/url'
16:27:45.620 [AsyncHttpClient-1-2] DEBUG org.asynchttpclient.netty.handler.HttpHandler - 

Request DefaultFullHttpRequest(decodeResult: success, version: HTTP/1.1, content: EmptyByteBufBE)
GET /session/fe5b22d2-123f-481f-ab2c-c57f4ba02fc9/url HTTP/1.1
User-Agent: selenium/4.4.0 (java mac)
Cache-Control: no-cache
Content-Type: application/json; charset=utf-8
host: localhost:51661
accept: */*

Response DefaultHttpResponse(decodeResult: success, version: HTTP/1.1)
HTTP/1.1 200 OK
content-type: application/json; charset=utf-8
cache-control: no-cache
date: Sat, 22 Apr 2023 21:27:45 GMT
content-length: 48

16:27:45.620 [AsyncHttpClient-1-2] DEBUG org.asynchttpclient.netty.channel.ChannelManager - Adding key: http://localhost:51661 for channel [id: 0xf052fa38, L:/127.0.0.1:51351 - R:localhost/127.0.0.1:51661]
16:27:45.622 [Test worker] DEBUG net.thucydides.core.steps.StepInterceptor - STARTING STEP: CalcularTasaStep.Valida_el_ingreso_al_modulo_de_calculo_de_tasa - !#title
16:27:45.638 [Forwarding getCurrentWindowHandle on session fe5b22d2-123f-481f-ab2c-c57f4ba02fc9 to remote] DEBUG org.asynchttpclient.netty.request.NettyRequestSender - Using pooled Channel '[id: 0xf052fa38, L:/127.0.0.1:51351 - R:localhost/127.0.0.1:51661]' for 'GET' to 'http://localhost:51661/session/fe5b22d2-123f-481f-ab2c-c57f4ba02fc9/window'
16:27:45.638 [Forwarding getCurrentWindowHandle on session fe5b22d2-123f-481f-ab2c-c57f4ba02fc9 to remote] DEBUG org.asynchttpclient.netty.request.NettyRequestSender - Using open Channel [id: 0xf052fa38, L:/127.0.0.1:51351 - R:localhost/127.0.0.1:51661] for GET '/session/fe5b22d2-123f-481f-ab2c-c57f4ba02fc9/window'
16:27:45.640 [AsyncHttpClient-1-2] DEBUG org.asynchttpclient.netty.handler.HttpHandler - 

Request DefaultFullHttpRequest(decodeResult: success, version: HTTP/1.1, content: EmptyByteBufBE)
GET /session/fe5b22d2-123f-481f-ab2c-c57f4ba02fc9/window HTTP/1.1
User-Agent: selenium/4.4.0 (java mac)
Cache-Control: no-cache
Content-Type: application/json; charset=utf-8
host: localhost:51661
accept: */*

Response DefaultHttpResponse(decodeResult: success, version: HTTP/1.1)
HTTP/1.1 200 OK
content-type: application/json; charset=utf-8
cache-control: no-cache
date: Sat, 22 Apr 2023 21:27:45 GMT
content-length: 48

16:27:45.640 [AsyncHttpClient-1-2] DEBUG org.asynchttpclient.netty.channel.ChannelManager - Adding key: http://localhost:51661 for channel [id: 0xf052fa38, L:/127.0.0.1:51351 - R:localhost/127.0.0.1:51661]
16:27:45.644 [Forwarding getAlertText on session fe5b22d2-123f-481f-ab2c-c57f4ba02fc9 to remote] DEBUG org.asynchttpclient.netty.request.NettyRequestSender - Using pooled Channel '[id: 0xf052fa38, L:/127.0.0.1:51351 - R:localhost/127.0.0.1:51661]' for 'GET' to 'http://localhost:51661/session/fe5b22d2-123f-481f-ab2c-c57f4ba02fc9/alert/text'
16:27:45.644 [Forwarding getAlertText on session fe5b22d2-123f-481f-ab2c-c57f4ba02fc9 to remote] DEBUG org.asynchttpclient.netty.request.NettyRequestSender - Using open Channel [id: 0xf052fa38, L:/127.0.0.1:51351 - R:localhost/127.0.0.1:51661] for GET '/session/fe5b22d2-123f-481f-ab2c-c57f4ba02fc9/alert/text'
16:27:45.646 [AsyncHttpClient-1-2] DEBUG org.asynchttpclient.netty.handler.HttpHandler - 

Request DefaultFullHttpRequest(decodeResult: success, version: HTTP/1.1, content: EmptyByteBufBE)
GET /session/fe5b22d2-123f-481f-ab2c-c57f4ba02fc9/alert/text HTTP/1.1
User-Agent: selenium/4.4.0 (java mac)
Cache-Control: no-cache
Content-Type: application/json; charset=utf-8
host: localhost:51661
accept: */*

Response DefaultHttpResponse(decodeResult: success, version: HTTP/1.1)
HTTP/1.1 404 Not Found
content-type: application/json; charset=utf-8
cache-control: no-cache
date: Sat, 22 Apr 2023 21:27:45 GMT
content-length: 842

16:27:45.646 [AsyncHttpClient-1-2] DEBUG org.asynchttpclient.netty.channel.ChannelManager - Adding key: http://localhost:51661 for channel [id: 0xf052fa38, L:/127.0.0.1:51351 - R:localhost/127.0.0.1:51661]
16:27:45.651 [Forwarding switchToWindow on session fe5b22d2-123f-481f-ab2c-c57f4ba02fc9 to remote] DEBUG org.asynchttpclient.netty.request.NettyRequestSender - Using pooled Channel '[id: 0xf052fa38, L:/127.0.0.1:51351 - R:localhost/127.0.0.1:51661]' for 'POST' to 'http://localhost:51661/session/fe5b22d2-123f-481f-ab2c-c57f4ba02fc9/window'
16:27:45.651 [Forwarding switchToWindow on session fe5b22d2-123f-481f-ab2c-c57f4ba02fc9 to remote] DEBUG org.asynchttpclient.netty.request.NettyRequestSender - Using open Channel [id: 0xf052fa38, L:/127.0.0.1:51351 - R:localhost/127.0.0.1:51661] for POST '/session/fe5b22d2-123f-481f-ab2c-c57f4ba02fc9/window'
16:27:45.654 [AsyncHttpClient-1-2] DEBUG org.asynchttpclient.netty.handler.HttpHandler - 

Request DefaultHttpRequest(decodeResult: success, version: HTTP/1.1)
POST /session/fe5b22d2-123f-481f-ab2c-c57f4ba02fc9/window HTTP/1.1
User-Agent: selenium/4.4.0 (java mac)
Content-Length: 54
Content-Type: application/json; charset=utf-8
host: localhost:51661
accept: */*

Response DefaultHttpResponse(decodeResult: success, version: HTTP/1.1)
HTTP/1.1 200 OK
content-type: application/json; charset=utf-8
cache-control: no-cache
date: Sat, 22 Apr 2023 21:27:45 GMT
content-length: 14

16:27:45.654 [AsyncHttpClient-1-2] DEBUG org.asynchttpclient.netty.channel.ChannelManager - Adding key: http://localhost:51661 for channel [id: 0xf052fa38, L:/127.0.0.1:51351 - R:localhost/127.0.0.1:51661]
16:27:45.655 [Forwarding getCurrentUrl on session fe5b22d2-123f-481f-ab2c-c57f4ba02fc9 to remote] DEBUG org.asynchttpclient.netty.request.NettyRequestSender - Using pooled Channel '[id: 0xf052fa38, L:/127.0.0.1:51351 - R:localhost/127.0.0.1:51661]' for 'GET' to 'http://localhost:51661/session/fe5b22d2-123f-481f-ab2c-c57f4ba02fc9/url'
16:27:45.655 [Forwarding getCurrentUrl on session fe5b22d2-123f-481f-ab2c-c57f4ba02fc9 to remote] DEBUG org.asynchttpclient.netty.request.NettyRequestSender - Using open Channel [id: 0xf052fa38, L:/127.0.0.1:51351 - R:localhost/127.0.0.1:51661] for GET '/session/fe5b22d2-123f-481f-ab2c-c57f4ba02fc9/url'
16:27:45.657 [AsyncHttpClient-1-2] DEBUG org.asynchttpclient.netty.handler.HttpHandler - 

Request DefaultFullHttpRequest(decodeResult: success, version: HTTP/1.1, content: EmptyByteBufBE)
GET /session/fe5b22d2-123f-481f-ab2c-c57f4ba02fc9/url HTTP/1.1
User-Agent: selenium/4.4.0 (java mac)
Cache-Control: no-cache
Content-Type: application/json; charset=utf-8
host: localhost:51661
accept: */*

Response DefaultHttpResponse(decodeResult: success, version: HTTP/1.1)
HTTP/1.1 200 OK
content-type: application/json; charset=utf-8
cache-control: no-cache
date: Sat, 22 Apr 2023 21:27:45 GMT
content-length: 48

16:27:45.658 [AsyncHttpClient-1-2] DEBUG org.asynchttpclient.netty.channel.ChannelManager - Adding key: http://localhost:51661 for channel [id: 0xf052fa38, L:/127.0.0.1:51351 - R:localhost/127.0.0.1:51661]
16:27:45.659 [Forwarding screenshot on session fe5b22d2-123f-481f-ab2c-c57f4ba02fc9 to remote] DEBUG org.asynchttpclient.netty.request.NettyRequestSender - Using pooled Channel '[id: 0xf052fa38, L:/127.0.0.1:51351 - R:localhost/127.0.0.1:51661]' for 'GET' to 'http://localhost:51661/session/fe5b22d2-123f-481f-ab2c-c57f4ba02fc9/screenshot'
16:27:45.659 [Forwarding screenshot on session fe5b22d2-123f-481f-ab2c-c57f4ba02fc9 to remote] DEBUG org.asynchttpclient.netty.request.NettyRequestSender - Using open Channel [id: 0xf052fa38, L:/127.0.0.1:51351 - R:localhost/127.0.0.1:51661] for GET '/session/fe5b22d2-123f-481f-ab2c-c57f4ba02fc9/screenshot'
16:27:45.955 [AsyncHttpClient-1-2] DEBUG org.asynchttpclient.netty.handler.HttpHandler - 

Request DefaultFullHttpRequest(decodeResult: success, version: HTTP/1.1, content: EmptyByteBufBE)
GET /session/fe5b22d2-123f-481f-ab2c-c57f4ba02fc9/screenshot HTTP/1.1
User-Agent: selenium/4.4.0 (java mac)
Cache-Control: no-cache
Content-Type: application/json; charset=utf-8
host: localhost:51661
accept: */*

Response DefaultHttpResponse(decodeResult: success, version: HTTP/1.1)
HTTP/1.1 200 OK
content-type: application/json; charset=utf-8
cache-control: no-cache
date: Sat, 22 Apr 2023 21:27:45 GMT
content-length: 2193024

16:27:45.963 [AsyncHttpClient-1-2] DEBUG org.asynchttpclient.netty.channel.ChannelManager - Adding key: http://localhost:51661 for channel [id: 0xf052fa38, L:/127.0.0.1:51351 - R:localhost/127.0.0.1:51661]
16:27:46.027 [Test worker] DEBUG net.serenitybdd.core.photography.Darkroom - Send negative for processing for /Users/macbookk/IdeaProjects/GeoPrueba/target/site/serenity/1f551d4c839897f7d5a2502274f0ea673f5508db2dd58a00c3f655804157ddf3.png
16:27:46.027 [Darkroom Processing Line] DEBUG net.serenitybdd.core.photography.DarkroomProcessingLine - Processing screenshot image in /var/screenshots/screenshot-9515159022568418440
16:27:46.027 [Darkroom Processing Line] DEBUG net.serenitybdd.core.photography.DarkroomProcessingLine - Saving screenshot to /Users/macbookk/IdeaProjects/GeoPrueba/target/site/serenity/1f551d4c839897f7d5a2502274f0ea673f5508db2dd58a00c3f655804157ddf3.png
16:27:46.032 [Forwarding getPageSource on session fe5b22d2-123f-481f-ab2c-c57f4ba02fc9 to remote] DEBUG org.asynchttpclient.netty.request.NettyRequestSender - Using pooled Channel '[id: 0xf052fa38, L:/127.0.0.1:51351 - R:localhost/127.0.0.1:51661]' for 'POST' to 'http://localhost:51661/session/fe5b22d2-123f-481f-ab2c-c57f4ba02fc9/execute/sync'
16:27:46.032 [Forwarding getPageSource on session fe5b22d2-123f-481f-ab2c-c57f4ba02fc9 to remote] DEBUG org.asynchttpclient.netty.request.NettyRequestSender - Using open Channel [id: 0xf052fa38, L:/127.0.0.1:51351 - R:localhost/127.0.0.1:51661] for POST '/session/fe5b22d2-123f-481f-ab2c-c57f4ba02fc9/execute/sync'
16:27:46.044 [AsyncHttpClient-1-2] DEBUG org.asynchttpclient.netty.handler.HttpHandler - 

Request DefaultHttpRequest(decodeResult: success, version: HTTP/1.1)
POST /session/fe5b22d2-123f-481f-ab2c-c57f4ba02fc9/execute/sync HTTP/1.1
User-Agent: selenium/4.4.0 (java mac)
Content-Length: 176
Content-Type: application/json; charset=utf-8
host: localhost:51661
accept: */*

Response DefaultHttpResponse(decodeResult: success, version: HTTP/1.1)
HTTP/1.1 200 OK
content-type: application/json; charset=utf-8
cache-control: no-cache
date: Sat, 22 Apr 2023 21:27:45 GMT
content-length: 216600

16:27:46.045 [AsyncHttpClient-1-2] DEBUG org.asynchttpclient.netty.channel.ChannelManager - Adding key: http://localhost:51661 for channel [id: 0xf052fa38, L:/127.0.0.1:51351 - R:localhost/127.0.0.1:51661]
16:27:46.092 [Forwarding getCurrentUrl on session fe5b22d2-123f-481f-ab2c-c57f4ba02fc9 to remote] DEBUG org.asynchttpclient.netty.request.NettyRequestSender - Using pooled Channel '[id: 0xf052fa38, L:/127.0.0.1:51351 - R:localhost/127.0.0.1:51661]' for 'GET' to 'http://localhost:51661/session/fe5b22d2-123f-481f-ab2c-c57f4ba02fc9/url'
16:27:46.092 [Forwarding getCurrentUrl on session fe5b22d2-123f-481f-ab2c-c57f4ba02fc9 to remote] DEBUG org.asynchttpclient.netty.request.NettyRequestSender - Using open Channel [id: 0xf052fa38, L:/127.0.0.1:51351 - R:localhost/127.0.0.1:51661] for GET '/session/fe5b22d2-123f-481f-ab2c-c57f4ba02fc9/url'
16:27:46.095 [AsyncHttpClient-1-2] DEBUG org.asynchttpclient.netty.handler.HttpHandler - 

Request DefaultFullHttpRequest(decodeResult: success, version: HTTP/1.1, content: EmptyByteBufBE)
GET /session/fe5b22d2-123f-481f-ab2c-c57f4ba02fc9/url HTTP/1.1
User-Agent: selenium/4.4.0 (java mac)
Cache-Control: no-cache
Content-Type: application/json; charset=utf-8
host: localhost:51661
accept: */*

Response DefaultHttpResponse(decodeResult: success, version: HTTP/1.1)
HTTP/1.1 200 OK
content-type: application/json; charset=utf-8
cache-control: no-cache
date: Sat, 22 Apr 2023 21:27:45 GMT
content-length: 48

16:27:46.095 [AsyncHttpClient-1-2] DEBUG org.asynchttpclient.netty.channel.ChannelManager - Adding key: http://localhost:51661 for channel [id: 0xf052fa38, L:/127.0.0.1:51351 - R:localhost/127.0.0.1:51661]
16:27:46.100 [Test worker] DEBUG net.thucydides.core.steps.StepInterceptor - STARTING STEP: CalcularTasaStep.Valida_el_ingreso_al_modulo_de_calculo_de_tasa - {0} clicks on #locators
16:27:46.125 [Forwarding findElement on session fe5b22d2-123f-481f-ab2c-c57f4ba02fc9 to remote] DEBUG org.asynchttpclient.netty.request.NettyRequestSender - Using pooled Channel '[id: 0xf052fa38, L:/127.0.0.1:51351 - R:localhost/127.0.0.1:51661]' for 'POST' to 'http://localhost:51661/session/fe5b22d2-123f-481f-ab2c-c57f4ba02fc9/element'
16:27:46.125 [Forwarding findElement on session fe5b22d2-123f-481f-ab2c-c57f4ba02fc9 to remote] DEBUG org.asynchttpclient.netty.request.NettyRequestSender - Using open Channel [id: 0xf052fa38, L:/127.0.0.1:51351 - R:localhost/127.0.0.1:51661] for POST '/session/fe5b22d2-123f-481f-ab2c-c57f4ba02fc9/element'
16:27:46.135 [AsyncHttpClient-1-2] DEBUG org.asynchttpclient.netty.handler.HttpHandler - 

Request DefaultHttpRequest(decodeResult: success, version: HTTP/1.1)
POST /session/fe5b22d2-123f-481f-ab2c-c57f4ba02fc9/element HTTP/1.1
User-Agent: selenium/4.4.0 (java mac)
Content-Length: 70
Content-Type: application/json; charset=utf-8
host: localhost:51661
accept: */*

Response DefaultHttpResponse(decodeResult: success, version: HTTP/1.1)
HTTP/1.1 200 OK
content-type: application/json; charset=utf-8
cache-control: no-cache
date: Sat, 22 Apr 2023 21:27:45 GMT
content-length: 88

16:27:46.135 [AsyncHttpClient-1-2] DEBUG org.asynchttpclient.netty.channel.ChannelManager - Adding key: http://localhost:51661 for channel [id: 0xf052fa38, L:/127.0.0.1:51351 - R:localhost/127.0.0.1:51661]
16:27:46.135 [AsyncHttpClient-1-1] DEBUG org.asynchttpclient.netty.channel.DefaultChannelPool - Entry count for : http://localhost:51661 : 1
16:27:46.145 [Forwarding isElementDisplayed on session fe5b22d2-123f-481f-ab2c-c57f4ba02fc9 to remote] DEBUG org.asynchttpclient.netty.request.NettyRequestSender - Using pooled Channel '[id: 0xf052fa38, L:/127.0.0.1:51351 - R:localhost/127.0.0.1:51661]' for 'POST' to 'http://localhost:51661/session/fe5b22d2-123f-481f-ab2c-c57f4ba02fc9/execute/sync'
16:27:46.145 [Forwarding isElementDisplayed on session fe5b22d2-123f-481f-ab2c-c57f4ba02fc9 to remote] DEBUG org.asynchttpclient.netty.request.NettyRequestSender - Using open Channel [id: 0xf052fa38, L:/127.0.0.1:51351 - R:localhost/127.0.0.1:51661] for POST '/session/fe5b22d2-123f-481f-ab2c-c57f4ba02fc9/execute/sync'
16:27:46.158 [AsyncHttpClient-1-2] DEBUG org.asynchttpclient.netty.handler.HttpHandler - 

Request DefaultHttpRequest(decodeResult: success, version: HTTP/1.1)
POST /session/fe5b22d2-123f-481f-ab2c-c57f4ba02fc9/execute/sync HTTP/1.1
User-Agent: selenium/4.4.0 (java mac)
Content-Length: 48780
Content-Type: application/json; charset=utf-8
host: localhost:51661
accept: */*

Response DefaultHttpResponse(decodeResult: success, version: HTTP/1.1)
HTTP/1.1 200 OK
content-type: application/json; charset=utf-8
cache-control: no-cache
date: Sat, 22 Apr 2023 21:27:45 GMT
content-length: 14

16:27:46.158 [AsyncHttpClient-1-2] DEBUG org.asynchttpclient.netty.channel.ChannelManager - Adding key: http://localhost:51661 for channel [id: 0xf052fa38, L:/127.0.0.1:51351 - R:localhost/127.0.0.1:51661]
16:27:46.184 [Forwarding isElementDisplayed on session fe5b22d2-123f-481f-ab2c-c57f4ba02fc9 to remote] DEBUG org.asynchttpclient.netty.request.NettyRequestSender - Using pooled Channel '[id: 0xf052fa38, L:/127.0.0.1:51351 - R:localhost/127.0.0.1:51661]' for 'POST' to 'http://localhost:51661/session/fe5b22d2-123f-481f-ab2c-c57f4ba02fc9/execute/sync'
16:27:46.184 [Forwarding isElementDisplayed on session fe5b22d2-123f-481f-ab2c-c57f4ba02fc9 to remote] DEBUG org.asynchttpclient.netty.request.NettyRequestSender - Using open Channel [id: 0xf052fa38, L:/127.0.0.1:51351 - R:localhost/127.0.0.1:51661] for POST '/session/fe5b22d2-123f-481f-ab2c-c57f4ba02fc9/execute/sync'
16:27:46.195 [AsyncHttpClient-1-2] DEBUG org.asynchttpclient.netty.handler.HttpHandler - 

Request DefaultHttpRequest(decodeResult: success, version: HTTP/1.1)
POST /session/fe5b22d2-123f-481f-ab2c-c57f4ba02fc9/execute/sync HTTP/1.1
User-Agent: selenium/4.4.0 (java mac)
Content-Length: 48780
Content-Type: application/json; charset=utf-8
host: localhost:51661
accept: */*

Response DefaultHttpResponse(decodeResult: success, version: HTTP/1.1)
HTTP/1.1 200 OK
content-type: application/json; charset=utf-8
cache-control: no-cache
date: Sat, 22 Apr 2023 21:27:45 GMT
content-length: 14

16:27:46.195 [AsyncHttpClient-1-2] DEBUG org.asynchttpclient.netty.channel.ChannelManager - Adding key: http://localhost:51661 for channel [id: 0xf052fa38, L:/127.0.0.1:51351 - R:localhost/127.0.0.1:51661]
16:27:46.201 [Forwarding clickElement on session fe5b22d2-123f-481f-ab2c-c57f4ba02fc9 to remote] DEBUG org.asynchttpclient.netty.request.NettyRequestSender - Using pooled Channel '[id: 0xf052fa38, L:/127.0.0.1:51351 - R:localhost/127.0.0.1:51661]' for 'POST' to 'http://localhost:51661/session/fe5b22d2-123f-481f-ab2c-c57f4ba02fc9/element/012d306a-9478-49fd-b7b2-1b9e396c176a/click'
16:27:46.201 [Forwarding clickElement on session fe5b22d2-123f-481f-ab2c-c57f4ba02fc9 to remote] DEBUG org.asynchttpclient.netty.request.NettyRequestSender - Using open Channel [id: 0xf052fa38, L:/127.0.0.1:51351 - R:localhost/127.0.0.1:51661] for POST '/session/fe5b22d2-123f-481f-ab2c-c57f4ba02fc9/element/012d306a-9478-49fd-b7b2-1b9e396c176a/click'
16:27:55.820 [AsyncHttpClient-1-2] DEBUG org.asynchttpclient.netty.handler.HttpHandler - 

Request DefaultHttpRequest(decodeResult: success, version: HTTP/1.1)
POST /session/fe5b22d2-123f-481f-ab2c-c57f4ba02fc9/element/012d306a-9478-49fd-b7b2-1b9e396c176a/click HTTP/1.1
User-Agent: selenium/4.4.0 (java mac)
Content-Length: 50
Content-Type: application/json; charset=utf-8
host: localhost:51661
accept: */*

Response DefaultHttpResponse(decodeResult: success, version: HTTP/1.1)
HTTP/1.1 200 OK
content-type: application/json; charset=utf-8
cache-control: no-cache
date: Sat, 22 Apr 2023 21:27:45 GMT
content-length: 14

16:27:55.820 [AsyncHttpClient-1-2] DEBUG org.asynchttpclient.netty.channel.ChannelManager - Adding key: http://localhost:51661 for channel [id: 0xf052fa38, L:/127.0.0.1:51351 - R:localhost/127.0.0.1:51661]
16:27:55.864 [Forwarding getCurrentWindowHandle on session fe5b22d2-123f-481f-ab2c-c57f4ba02fc9 to remote] DEBUG org.asynchttpclient.netty.request.NettyRequestSender - Using pooled Channel '[id: 0xf052fa38, L:/127.0.0.1:51351 - R:localhost/127.0.0.1:51661]' for 'GET' to 'http://localhost:51661/session/fe5b22d2-123f-481f-ab2c-c57f4ba02fc9/window'
16:27:55.865 [Forwarding getCurrentWindowHandle on session fe5b22d2-123f-481f-ab2c-c57f4ba02fc9 to remote] DEBUG org.asynchttpclient.netty.request.NettyRequestSender - Using open Channel [id: 0xf052fa38, L:/127.0.0.1:51351 - R:localhost/127.0.0.1:51661] for GET '/session/fe5b22d2-123f-481f-ab2c-c57f4ba02fc9/window'
16:27:55.868 [AsyncHttpClient-1-2] DEBUG org.asynchttpclient.netty.handler.HttpHandler - 

Request DefaultFullHttpRequest(decodeResult: success, version: HTTP/1.1, content: EmptyByteBufBE)
GET /session/fe5b22d2-123f-481f-ab2c-c57f4ba02fc9/window HTTP/1.1
User-Agent: selenium/4.4.0 (java mac)
Cache-Control: no-cache
Content-Type: application/json; charset=utf-8
host: localhost:51661
accept: */*

Response DefaultHttpResponse(decodeResult: success, version: HTTP/1.1)
HTTP/1.1 200 OK
content-type: application/json; charset=utf-8
cache-control: no-cache
date: Sat, 22 Apr 2023 21:27:55 GMT
content-length: 48

16:27:55.868 [AsyncHttpClient-1-2] DEBUG org.asynchttpclient.netty.channel.ChannelManager - Adding key: http://localhost:51661 for channel [id: 0xf052fa38, L:/127.0.0.1:51351 - R:localhost/127.0.0.1:51661]
16:27:55.875 [Forwarding getAlertText on session fe5b22d2-123f-481f-ab2c-c57f4ba02fc9 to remote] DEBUG org.asynchttpclient.netty.request.NettyRequestSender - Using pooled Channel '[id: 0xf052fa38, L:/127.0.0.1:51351 - R:localhost/127.0.0.1:51661]' for 'GET' to 'http://localhost:51661/session/fe5b22d2-123f-481f-ab2c-c57f4ba02fc9/alert/text'
16:27:55.875 [Forwarding getAlertText on session fe5b22d2-123f-481f-ab2c-c57f4ba02fc9 to remote] DEBUG org.asynchttpclient.netty.request.NettyRequestSender - Using open Channel [id: 0xf052fa38, L:/127.0.0.1:51351 - R:localhost/127.0.0.1:51661] for GET '/session/fe5b22d2-123f-481f-ab2c-c57f4ba02fc9/alert/text'
16:27:55.877 [AsyncHttpClient-1-2] DEBUG org.asynchttpclient.netty.handler.HttpHandler - 

Request DefaultFullHttpRequest(decodeResult: success, version: HTTP/1.1, content: EmptyByteBufBE)
GET /session/fe5b22d2-123f-481f-ab2c-c57f4ba02fc9/alert/text HTTP/1.1
User-Agent: selenium/4.4.0 (java mac)
Cache-Control: no-cache
Content-Type: application/json; charset=utf-8
host: localhost:51661
accept: */*

Response DefaultHttpResponse(decodeResult: success, version: HTTP/1.1)
HTTP/1.1 404 Not Found
content-type: application/json; charset=utf-8
cache-control: no-cache
date: Sat, 22 Apr 2023 21:27:55 GMT
content-length: 842

16:27:55.878 [AsyncHttpClient-1-2] DEBUG org.asynchttpclient.netty.channel.ChannelManager - Adding key: http://localhost:51661 for channel [id: 0xf052fa38, L:/127.0.0.1:51351 - R:localhost/127.0.0.1:51661]
16:27:55.885 [Forwarding switchToWindow on session fe5b22d2-123f-481f-ab2c-c57f4ba02fc9 to remote] DEBUG org.asynchttpclient.netty.request.NettyRequestSender - Using pooled Channel '[id: 0xf052fa38, L:/127.0.0.1:51351 - R:localhost/127.0.0.1:51661]' for 'POST' to 'http://localhost:51661/session/fe5b22d2-123f-481f-ab2c-c57f4ba02fc9/window'
16:27:55.885 [Forwarding switchToWindow on session fe5b22d2-123f-481f-ab2c-c57f4ba02fc9 to remote] DEBUG org.asynchttpclient.netty.request.NettyRequestSender - Using open Channel [id: 0xf052fa38, L:/127.0.0.1:51351 - R:localhost/127.0.0.1:51661] for POST '/session/fe5b22d2-123f-481f-ab2c-c57f4ba02fc9/window'
16:27:55.887 [AsyncHttpClient-1-2] DEBUG org.asynchttpclient.netty.handler.HttpHandler - 

Request DefaultHttpRequest(decodeResult: success, version: HTTP/1.1)
POST /session/fe5b22d2-123f-481f-ab2c-c57f4ba02fc9/window HTTP/1.1
User-Agent: selenium/4.4.0 (java mac)
Content-Length: 54
Content-Type: application/json; charset=utf-8
host: localhost:51661
accept: */*

Response DefaultHttpResponse(decodeResult: success, version: HTTP/1.1)
HTTP/1.1 200 OK
content-type: application/json; charset=utf-8
cache-control: no-cache
date: Sat, 22 Apr 2023 21:27:55 GMT
content-length: 14

16:27:55.888 [AsyncHttpClient-1-2] DEBUG org.asynchttpclient.netty.channel.ChannelManager - Adding key: http://localhost:51661 for channel [id: 0xf052fa38, L:/127.0.0.1:51351 - R:localhost/127.0.0.1:51661]
16:27:55.889 [Forwarding getCurrentUrl on session fe5b22d2-123f-481f-ab2c-c57f4ba02fc9 to remote] DEBUG org.asynchttpclient.netty.request.NettyRequestSender - Using pooled Channel '[id: 0xf052fa38, L:/127.0.0.1:51351 - R:localhost/127.0.0.1:51661]' for 'GET' to 'http://localhost:51661/session/fe5b22d2-123f-481f-ab2c-c57f4ba02fc9/url'
16:27:55.889 [Forwarding getCurrentUrl on session fe5b22d2-123f-481f-ab2c-c57f4ba02fc9 to remote] DEBUG org.asynchttpclient.netty.request.NettyRequestSender - Using open Channel [id: 0xf052fa38, L:/127.0.0.1:51351 - R:localhost/127.0.0.1:51661] for GET '/session/fe5b22d2-123f-481f-ab2c-c57f4ba02fc9/url'
16:27:55.891 [AsyncHttpClient-1-2] DEBUG org.asynchttpclient.netty.handler.HttpHandler - 

Request DefaultFullHttpRequest(decodeResult: success, version: HTTP/1.1, content: EmptyByteBufBE)
GET /session/fe5b22d2-123f-481f-ab2c-c57f4ba02fc9/url HTTP/1.1
User-Agent: selenium/4.4.0 (java mac)
Cache-Control: no-cache
Content-Type: application/json; charset=utf-8
host: localhost:51661
accept: */*

Response DefaultHttpResponse(decodeResult: success, version: HTTP/1.1)
HTTP/1.1 200 OK
content-type: application/json; charset=utf-8
cache-control: no-cache
date: Sat, 22 Apr 2023 21:27:55 GMT
content-length: 48

16:27:55.892 [AsyncHttpClient-1-2] DEBUG org.asynchttpclient.netty.channel.ChannelManager - Adding key: http://localhost:51661 for channel [id: 0xf052fa38, L:/127.0.0.1:51351 - R:localhost/127.0.0.1:51661]
16:27:55.893 [Forwarding screenshot on session fe5b22d2-123f-481f-ab2c-c57f4ba02fc9 to remote] DEBUG org.asynchttpclient.netty.request.NettyRequestSender - Using pooled Channel '[id: 0xf052fa38, L:/127.0.0.1:51351 - R:localhost/127.0.0.1:51661]' for 'GET' to 'http://localhost:51661/session/fe5b22d2-123f-481f-ab2c-c57f4ba02fc9/screenshot'
16:27:55.893 [Forwarding screenshot on session fe5b22d2-123f-481f-ab2c-c57f4ba02fc9 to remote] DEBUG org.asynchttpclient.netty.request.NettyRequestSender - Using open Channel [id: 0xf052fa38, L:/127.0.0.1:51351 - R:localhost/127.0.0.1:51661] for GET '/session/fe5b22d2-123f-481f-ab2c-c57f4ba02fc9/screenshot'
16:27:56.184 [AsyncHttpClient-1-2] DEBUG org.asynchttpclient.netty.handler.HttpHandler - 

Request DefaultFullHttpRequest(decodeResult: success, version: HTTP/1.1, content: EmptyByteBufBE)
GET /session/fe5b22d2-123f-481f-ab2c-c57f4ba02fc9/screenshot HTTP/1.1
User-Agent: selenium/4.4.0 (java mac)
Cache-Control: no-cache
Content-Type: application/json; charset=utf-8
host: localhost:51661
accept: */*

Response DefaultHttpResponse(decodeResult: success, version: HTTP/1.1)
HTTP/1.1 200 OK
content-type: application/json; charset=utf-8
cache-control: no-cache
date: Sat, 22 Apr 2023 21:27:55 GMT
content-length: 2208340

16:27:56.191 [AsyncHttpClient-1-2] DEBUG org.asynchttpclient.netty.channel.ChannelManager - Adding key: http://localhost:51661 for channel [id: 0xf052fa38, L:/127.0.0.1:51351 - R:localhost/127.0.0.1:51661]
16:27:56.254 [Test worker] DEBUG net.serenitybdd.core.photography.Darkroom - Send negative for processing for /Users/macbookk/IdeaProjects/GeoPrueba/target/site/serenity/ede7a17ce8e568397e45e25c42e37a36061f49fa8a40b792d85d3d7cd742d072.png
16:27:56.254 [Darkroom Processing Line] DEBUG net.serenitybdd.core.photography.DarkroomProcessingLine - Processing screenshot image in /var/screenshots/screenshot-9931399796203134451
16:27:56.254 [Darkroom Processing Line] DEBUG net.serenitybdd.core.photography.DarkroomProcessingLine - Saving screenshot to /Users/macbookk/IdeaProjects/GeoPrueba/target/site/serenity/ede7a17ce8e568397e45e25c42e37a36061f49fa8a40b792d85d3d7cd742d072.png
16:27:56.254 [Test worker] DEBUG net.thucydides.core.steps.StepInterceptor - STEP DONE: {0} clicks on #locators
16:27:56.272 [Forwarding getPageSource on session fe5b22d2-123f-481f-ab2c-c57f4ba02fc9 to remote] DEBUG org.asynchttpclient.netty.request.NettyRequestSender - Using pooled Channel '[id: 0xf052fa38, L:/127.0.0.1:51351 - R:localhost/127.0.0.1:51661]' for 'POST' to 'http://localhost:51661/session/fe5b22d2-123f-481f-ab2c-c57f4ba02fc9/execute/sync'
16:27:56.272 [Forwarding getPageSource on session fe5b22d2-123f-481f-ab2c-c57f4ba02fc9 to remote] DEBUG org.asynchttpclient.netty.request.NettyRequestSender - Using open Channel [id: 0xf052fa38, L:/127.0.0.1:51351 - R:localhost/127.0.0.1:51661] for POST '/session/fe5b22d2-123f-481f-ab2c-c57f4ba02fc9/execute/sync'
16:27:56.283 [AsyncHttpClient-1-2] DEBUG org.asynchttpclient.netty.handler.HttpHandler - 

Request DefaultHttpRequest(decodeResult: success, version: HTTP/1.1)
POST /session/fe5b22d2-123f-481f-ab2c-c57f4ba02fc9/execute/sync HTTP/1.1
User-Agent: selenium/4.4.0 (java mac)
Content-Length: 176
Content-Type: application/json; charset=utf-8
host: localhost:51661
accept: */*

Response DefaultHttpResponse(decodeResult: success, version: HTTP/1.1)
HTTP/1.1 200 OK
content-type: application/json; charset=utf-8
cache-control: no-cache
date: Sat, 22 Apr 2023 21:27:55 GMT
content-length: 176067

16:27:56.284 [AsyncHttpClient-1-2] DEBUG org.asynchttpclient.netty.channel.ChannelManager - Adding key: http://localhost:51661 for channel [id: 0xf052fa38, L:/127.0.0.1:51351 - R:localhost/127.0.0.1:51661]
16:27:56.313 [Forwarding getCurrentUrl on session fe5b22d2-123f-481f-ab2c-c57f4ba02fc9 to remote] DEBUG org.asynchttpclient.netty.request.NettyRequestSender - Using pooled Channel '[id: 0xf052fa38, L:/127.0.0.1:51351 - R:localhost/127.0.0.1:51661]' for 'GET' to 'http://localhost:51661/session/fe5b22d2-123f-481f-ab2c-c57f4ba02fc9/url'
16:27:56.313 [Forwarding getCurrentUrl on session fe5b22d2-123f-481f-ab2c-c57f4ba02fc9 to remote] DEBUG org.asynchttpclient.netty.request.NettyRequestSender - Using open Channel [id: 0xf052fa38, L:/127.0.0.1:51351 - R:localhost/127.0.0.1:51661] for GET '/session/fe5b22d2-123f-481f-ab2c-c57f4ba02fc9/url'
16:27:56.315 [AsyncHttpClient-1-2] DEBUG org.asynchttpclient.netty.handler.HttpHandler - 

Request DefaultFullHttpRequest(decodeResult: success, version: HTTP/1.1, content: EmptyByteBufBE)
GET /session/fe5b22d2-123f-481f-ab2c-c57f4ba02fc9/url HTTP/1.1
User-Agent: selenium/4.4.0 (java mac)
Cache-Control: no-cache
Content-Type: application/json; charset=utf-8
host: localhost:51661
accept: */*

Response DefaultHttpResponse(decodeResult: success, version: HTTP/1.1)
HTTP/1.1 200 OK
content-type: application/json; charset=utf-8
cache-control: no-cache
date: Sat, 22 Apr 2023 21:27:55 GMT
content-length: 48

16:27:56.315 [AsyncHttpClient-1-2] DEBUG org.asynchttpclient.netty.channel.ChannelManager - Adding key: http://localhost:51661 for channel [id: 0xf052fa38, L:/127.0.0.1:51351 - R:localhost/127.0.0.1:51661]
16:27:56.317 [Test worker] DEBUG net.thucydides.core.steps.StepInterceptor - STARTING STEP: CalcularTasaStep.Valida_el_ingreso_al_modulo_de_calculo_de_tasa - {0} clicks on #locators
16:27:56.332 [Forwarding findElement on session fe5b22d2-123f-481f-ab2c-c57f4ba02fc9 to remote] DEBUG org.asynchttpclient.netty.request.NettyRequestSender - Using pooled Channel '[id: 0xf052fa38, L:/127.0.0.1:51351 - R:localhost/127.0.0.1:51661]' for 'POST' to 'http://localhost:51661/session/fe5b22d2-123f-481f-ab2c-c57f4ba02fc9/element'
16:27:56.332 [Forwarding findElement on session fe5b22d2-123f-481f-ab2c-c57f4ba02fc9 to remote] DEBUG org.asynchttpclient.netty.request.NettyRequestSender - Using open Channel [id: 0xf052fa38, L:/127.0.0.1:51351 - R:localhost/127.0.0.1:51661] for POST '/session/fe5b22d2-123f-481f-ab2c-c57f4ba02fc9/element'
16:27:56.336 [AsyncHttpClient-1-2] DEBUG org.asynchttpclient.netty.handler.HttpHandler - 

Request DefaultHttpRequest(decodeResult: success, version: HTTP/1.1)
POST /session/fe5b22d2-123f-481f-ab2c-c57f4ba02fc9/element HTTP/1.1
User-Agent: selenium/4.4.0 (java mac)
Content-Length: 139
Content-Type: application/json; charset=utf-8
host: localhost:51661
accept: */*

Response DefaultHttpResponse(decodeResult: success, version: HTTP/1.1)
HTTP/1.1 200 OK
content-type: application/json; charset=utf-8
cache-control: no-cache
date: Sat, 22 Apr 2023 21:27:55 GMT
content-length: 88

16:27:56.336 [AsyncHttpClient-1-2] DEBUG org.asynchttpclient.netty.channel.ChannelManager - Adding key: http://localhost:51661 for channel [id: 0xf052fa38, L:/127.0.0.1:51351 - R:localhost/127.0.0.1:51661]
16:27:56.340 [Forwarding isElementDisplayed on session fe5b22d2-123f-481f-ab2c-c57f4ba02fc9 to remote] DEBUG org.asynchttpclient.netty.request.NettyRequestSender - Using pooled Channel '[id: 0xf052fa38, L:/127.0.0.1:51351 - R:localhost/127.0.0.1:51661]' for 'POST' to 'http://localhost:51661/session/fe5b22d2-123f-481f-ab2c-c57f4ba02fc9/execute/sync'
16:27:56.340 [Forwarding isElementDisplayed on session fe5b22d2-123f-481f-ab2c-c57f4ba02fc9 to remote] DEBUG org.asynchttpclient.netty.request.NettyRequestSender - Using open Channel [id: 0xf052fa38, L:/127.0.0.1:51351 - R:localhost/127.0.0.1:51661] for POST '/session/fe5b22d2-123f-481f-ab2c-c57f4ba02fc9/execute/sync'
16:27:56.352 [AsyncHttpClient-1-2] DEBUG org.asynchttpclient.netty.handler.HttpHandler - 

Request DefaultHttpRequest(decodeResult: success, version: HTTP/1.1)
POST /session/fe5b22d2-123f-481f-ab2c-c57f4ba02fc9/execute/sync HTTP/1.1
User-Agent: selenium/4.4.0 (java mac)
Content-Length: 48780
Content-Type: application/json; charset=utf-8
host: localhost:51661
accept: */*

Response DefaultHttpResponse(decodeResult: success, version: HTTP/1.1)
HTTP/1.1 200 OK
content-type: application/json; charset=utf-8
cache-control: no-cache
date: Sat, 22 Apr 2023 21:27:55 GMT
content-length: 14

16:27:56.352 [AsyncHttpClient-1-2] DEBUG org.asynchttpclient.netty.channel.ChannelManager - Adding key: http://localhost:51661 for channel [id: 0xf052fa38, L:/127.0.0.1:51351 - R:localhost/127.0.0.1:51661]
16:27:56.375 [Forwarding isElementDisplayed on session fe5b22d2-123f-481f-ab2c-c57f4ba02fc9 to remote] DEBUG org.asynchttpclient.netty.request.NettyRequestSender - Using pooled Channel '[id: 0xf052fa38, L:/127.0.0.1:51351 - R:localhost/127.0.0.1:51661]' for 'POST' to 'http://localhost:51661/session/fe5b22d2-123f-481f-ab2c-c57f4ba02fc9/execute/sync'
16:27:56.375 [Forwarding isElementDisplayed on session fe5b22d2-123f-481f-ab2c-c57f4ba02fc9 to remote] DEBUG org.asynchttpclient.netty.request.NettyRequestSender - Using open Channel [id: 0xf052fa38, L:/127.0.0.1:51351 - R:localhost/127.0.0.1:51661] for POST '/session/fe5b22d2-123f-481f-ab2c-c57f4ba02fc9/execute/sync'
16:27:56.386 [AsyncHttpClient-1-2] DEBUG org.asynchttpclient.netty.handler.HttpHandler - 

Request DefaultHttpRequest(decodeResult: success, version: HTTP/1.1)
POST /session/fe5b22d2-123f-481f-ab2c-c57f4ba02fc9/execute/sync HTTP/1.1
User-Agent: selenium/4.4.0 (java mac)
Content-Length: 48780
Content-Type: application/json; charset=utf-8
host: localhost:51661
accept: */*

Response DefaultHttpResponse(decodeResult: success, version: HTTP/1.1)
HTTP/1.1 200 OK
content-type: application/json; charset=utf-8
cache-control: no-cache
date: Sat, 22 Apr 2023 21:27:55 GMT
content-length: 14

[...]
cache-control: no-cache
date: Sat, 22 Apr 2023 21:28:07 GMT
content-length: 842

16:28:07.951 [AsyncHttpClient-1-2] DEBUG org.asynchttpclient.netty.channel.ChannelManager - Adding key: http://localhost:51661 for channel [id: 0xf052fa38, L:/127.0.0.1:51351 - R:localhost/127.0.0.1:51661]
16:28:07.955 [Forwarding switchToWindow on session fe5b22d2-123f-481f-ab2c-c57f4ba02fc9 to remote] DEBUG org.asynchttpclient.netty.request.NettyRequestSender - Using pooled Channel '[id: 0xf052fa38, L:/127.0.0.1:51351 - R:localhost/127.0.0.1:51661]' for 'POST' to 'http://localhost:51661/session/fe5b22d2-123f-481f-ab2c-c57f4ba02fc9/window'
16:28:07.955 [Forwarding switchToWindow on session fe5b22d2-123f-481f-ab2c-c57f4ba02fc9 to remote] DEBUG org.asynchttpclient.netty.request.NettyRequestSender - Using open Channel [id: 0xf052fa38, L:/127.0.0.1:51351 - R:localhost/127.0.0.1:51661] for POST '/session/fe5b22d2-123f-481f-ab2c-c57f4ba02fc9/window'
16:28:07.956 [AsyncHttpClient-1-2] DEBUG org.asynchttpclient.netty.handler.HttpHandler - 

Request DefaultHttpRequest(decodeResult: success, version: HTTP/1.1)
POST /session/fe5b22d2-123f-481f-ab2c-c57f4ba02fc9/window HTTP/1.1
User-Agent: selenium/4.4.0 (java mac)
Content-Length: 54
Content-Type: application/json; charset=utf-8
host: localhost:51661
accept: */*

Response DefaultHttpResponse(decodeResult: success, version: HTTP/1.1)
HTTP/1.1 200 OK
content-type: application/json; charset=utf-8
cache-control: no-cache
date: Sat, 22 Apr 2023 21:28:07 GMT
content-length: 14

16:28:07.956 [AsyncHttpClient-1-2] DEBUG org.asynchttpclient.netty.channel.ChannelManager - Adding key: http://localhost:51661 for channel [id: 0xf052fa38, L:/127.0.0.1:51351 - R:localhost/127.0.0.1:51661]
16:28:07.957 [Forwarding getCurrentUrl on session fe5b22d2-123f-481f-ab2c-c57f4ba02fc9 to remote] DEBUG org.asynchttpclient.netty.request.NettyRequestSender - Using pooled Channel '[id: 0xf052fa38, L:/127.0.0.1:51351 - R:localhost/127.0.0.1:51661]' for 'GET' to 'http://localhost:51661/session/fe5b22d2-123f-481f-ab2c-c57f4ba02fc9/url'
16:28:07.957 [Forwarding getCurrentUrl on session fe5b22d2-123f-481f-ab2c-c57f4ba02fc9 to remote] DEBUG org.asynchttpclient.netty.request.NettyRequestSender - Using open Channel [id: 0xf052fa38, L:/127.0.0.1:51351 - R:localhost/127.0.0.1:51661] for GET '/session/fe5b22d2-123f-481f-ab2c-c57f4ba02fc9/url'
16:28:07.958 [AsyncHttpClient-1-2] DEBUG org.asynchttpclient.netty.handler.HttpHandler - 

Request DefaultFullHttpRequest(decodeResult: success, version: HTTP/1.1, content: EmptyByteBufBE)
GET /session/fe5b22d2-123f-481f-ab2c-c57f4ba02fc9/url HTTP/1.1
User-Agent: selenium/4.4.0 (java mac)
Cache-Control: no-cache
Content-Type: application/json; charset=utf-8
host: localhost:51661
accept: */*

Response DefaultHttpResponse(decodeResult: success, version: HTTP/1.1)
HTTP/1.1 200 OK
content-type: application/json; charset=utf-8
cache-control: no-cache
date: Sat, 22 Apr 2023 21:28:07 GMT
content-length: 82

16:28:07.958 [AsyncHttpClient-1-2] DEBUG org.asynchttpclient.netty.channel.ChannelManager - Adding key: http://localhost:51661 for channel [id: 0xf052fa38, L:/127.0.0.1:51351 - R:localhost/127.0.0.1:51661]
16:28:07.959 [Forwarding screenshot on session fe5b22d2-123f-481f-ab2c-c57f4ba02fc9 to remote] DEBUG org.asynchttpclient.netty.request.NettyRequestSender - Using pooled Channel '[id: 0xf052fa38, L:/127.0.0.1:51351 - R:localhost/127.0.0.1:51661]' for 'GET' to 'http://localhost:51661/session/fe5b22d2-123f-481f-ab2c-c57f4ba02fc9/screenshot'
16:28:07.959 [Forwarding screenshot on session fe5b22d2-123f-481f-ab2c-c57f4ba02fc9 to remote] DEBUG org.asynchttpclient.netty.request.NettyRequestSender - Using open Channel [id: 0xf052fa38, L:/127.0.0.1:51351 - R:localhost/127.0.0.1:51661] for GET '/session/fe5b22d2-123f-481f-ab2c-c57f4ba02fc9/screenshot'
16:28:08.125 [AsyncHttpClient-1-2] DEBUG org.asynchttpclient.netty.handler.HttpHandler - 

Request DefaultFullHttpRequest(decodeResult: success, version: HTTP/1.1, content: EmptyByteBufBE)
GET /session/fe5b22d2-123f-481f-ab2c-c57f4ba02fc9/screenshot HTTP/1.1
User-Agent: selenium/4.4.0 (java mac)
Cache-Control: no-cache
Content-Type: application/json; charset=utf-8
host: localhost:51661
accept: */*

Response DefaultHttpResponse(decodeResult: success, version: HTTP/1.1)
HTTP/1.1 200 OK
content-type: application/json; charset=utf-8
cache-control: no-cache
date: Sat, 22 Apr 2023 21:28:07 GMT
content-length: 533696

16:28:08.126 [AsyncHttpClient-1-2] DEBUG org.asynchttpclient.netty.channel.ChannelManager - Adding key: http://localhost:51661 for channel [id: 0xf052fa38, L:/127.0.0.1:51351 - R:localhost/127.0.0.1:51661]
16:28:08.137 [AsyncHttpClient-1-1] DEBUG org.asynchttpclient.netty.channel.DefaultChannelPool - Entry count for : http://localhost:51661 : 1
16:28:08.141 [Test worker] DEBUG net.serenitybdd.core.photography.Darkroom - Send negative for processing for /Users/macbookk/IdeaProjects/GeoPrueba/target/site/serenity/2d95f0d737d5df83db27566344cee84f252fdfa445f2816f6674a6769bfd08e1.png
16:28:08.200 [Driver Command Executor] DEBUG org.asynchttpclient.netty.request.NettyRequestSender - Using pooled Channel '[id: 0xf052fa38, L:/127.0.0.1:51351 - R:localhost/127.0.0.1:51661]' for 'DELETE' to 'http://localhost:51661/session/fe5b22d2-123f-481f-ab2c-c57f4ba02fc9'
16:28:08.200 [Driver Command Executor] DEBUG org.asynchttpclient.netty.request.NettyRequestSender - Using open Channel [id: 0xf052fa38, L:/127.0.0.1:51351 - R:localhost/127.0.0.1:51661] for DELETE '/session/fe5b22d2-123f-481f-ab2c-c57f4ba02fc9'
16:28:08.909 [AsyncHttpClient-1-2] DEBUG org.asynchttpclient.netty.handler.HttpHandler - 

Request DefaultFullHttpRequest(decodeResult: success, version: HTTP/1.1, content: EmptyByteBufBE)
DELETE /session/fe5b22d2-123f-481f-ab2c-c57f4ba02fc9 HTTP/1.1
User-Agent: selenium/4.4.0 (java mac)
Content-Type: application/json; charset=utf-8
host: localhost:51661
accept: */*

Response DefaultHttpResponse(decodeResult: success, version: HTTP/1.1)
HTTP/1.1 200 OK
content-type: application/json; charset=utf-8
cache-control: no-cache
date: Sat, 22 Apr 2023 21:28:07 GMT
content-length: 14

16:28:08.909 [AsyncHttpClient-1-2] DEBUG org.asynchttpclient.netty.channel.ChannelManager - Adding key: http://localhost:51661 for channel [id: 0xf052fa38, L:/127.0.0.1:51351 - R:localhost/127.0.0.1:51661]
16:28:08.911 [AsyncHttpClient-1-2] DEBUG org.asynchttpclient.netty.handler.HttpHandler - Channel Closed: [id: 0xf052fa38, L:/127.0.0.1:51351 ! R:localhost/127.0.0.1:51661] with attribute DISCARD
16:28:08.962 [Test worker] INFO  - 
  _____   ___   ___   _____     ___     _     ___   ___   ___   ___  
 |_   _| | __| / __| |_   _|   | _ \   /_\   / __| / __| | __| |   \ 
   | |   | _|  \__ \   | |     |  _/  / _ \  \__ \ \__ \ | _|  | |) |
   |_|   |___| |___/   |_|     |_|   /_/ \_\ |___/ |___/ |___| |___/ 

Searching for a term
----------------------------------------------------------------------
]]></system-out>
  <system-err><![CDATA[1682198848771	geckodriver	INFO	Listening on 127.0.0.1:51661
1682198849060	mozrunner::runner	INFO	Running command: MOZ_CRASHREPORTER="1" MOZ_CRASHREPORTER_NO_REPORT="1" MOZ_CRASHREPORTER_SHUTDOWN="1" MOZ_NO_REMOTE="1" "/App ... alhost:58863/" "-foreground" "-no-remote" "-profile" "/var/folders/2v/qy1xw8cs74zcknl99bmymh9r0000gn/T/rust_mozprofileKYZfC2"
console.warn: services.settings: Ignoring preference override of remote settings server
console.warn: services.settings: Allow by setting MOZ_REMOTE_SETTINGS_DEVTOOLS=1 in the environment
1682198849828	Marionette	INFO	Marionette enabled
1682198849962	Marionette	INFO	Listening on port 51360
Read port: 51360
2023-04-22 16:27:30.009 plugin-container[5374:107029] nil host used in call to allowsSpecificHTTPSCertificateForHost
2023-04-22 16:27:30.009 plugin-container[5374:107029] nil host used in call to allowsAnyHTTPSCertificateForHost:
console.error: "Warning: unrecognized command line flag -remote-allow-hosts\n"
console.error: "Warning: unrecognized command line flag -remote-allow-origins\n"
WebDriver BiDi listening on ws://127.0.0.1:58863
1682198850122	RemoteAgent	WARN	TLS certificate errors will be ignored for this session
2023-04-22 16:27:30.138 plugin-container[5374:107029] nil host used in call to allowsSpecificHTTPSCertificateForHost
2023-04-22 16:27:30.138 plugin-container[5374:107029] nil host used in call to allowsAnyHTTPSCertificateForHost:
2023-04-22 16:27:30.138 plugin-container[5374:107047] nil host used in call to allowsSpecificHTTPSCertificateForHost
2023-04-22 16:27:30.138 plugin-container[5374:107047] nil host used in call to allowsAnyHTTPSCertificateForHost:
console.warn: SearchSettings: "get: No settings file exists, new profile?" (new NotFoundError("Could not open the file at /var/folders/2v/qy1xw8cs74zcknl99bmymh9r0000gn/T/rust_mozprofileKYZfC2/search.json.mozlz4", (void 0)))
[ERROR glean_core] Error setting metrics feature config: Json(Error("EOF while parsing a value", line: 1, column: 0))
DevTools listening on ws://127.0.0.1:58863/devtools/browser/9bb54151-8ba9-40ad-be74-f6de92be34da
Apr 22, 2023 4:27:32 PM org.openqa.selenium.remote.ProtocolHandshake createSession
INFO: Detected upstream dialect: W3C
JavaScript error: https://www.bancolombia.com/personas, line 3351: SyntaxError: expected expression, got ','
JavaScript error: , line 0: TypeError: Property 'handleEvent' is not callable.
JavaScript warning: https://www.bancolombia.com/Bancolombia_Pymes_Info/themes/Bancolombia_Personas/js/jquery-1.10.2.min.js, line 2: Using //@ to indicate sourceMappingURL pragmas is deprecated. Use //# instead
JavaScript error: https://www.bancolombia.com/Bancolombia_Pymes_Info/themes/Bancolombia_Personas/js/mlmenu.js, line 39: TypeError: this.el is null
2023-04-22 21:27:53.997 plugin-container[5392:107754] nil host used in call to allowsSpecificHTTPSCertificateForHost
2023-04-22 21:27:53.997 plugin-container[5392:107754] nil host used in call to allowsAnyHTTPSCertificateForHost:
2023-04-22 21:27:54.042 plugin-container[5392:107754] nil host used in call to allowsSpecificHTTPSCertificateForHost
2023-04-22 21:27:54.042 plugin-container[5392:107754] nil host used in call to allowsAnyHTTPSCertificateForHost:
2023-04-22 21:27:54.042 plugin-container[5392:107749] nil host used in call to allowsSpecificHTTPSCertificateForHost
2023-04-22 21:27:54.043 plugin-container[5392:107749] nil host used in call to allowsAnyHTTPSCertificateForHost:
2023-04-22 21:27:54.524 plugin-container[5394:107888] nil host used in call to allowsSpecificHTTPSCertificateForHost
2023-04-22 21:27:54.525 plugin-container[5394:107888] nil host used in call to allowsAnyHTTPSCertificateForHost:
2023-04-22 21:27:54.568 plugin-container[5394:107888] nil host used in call to allowsSpecificHTTPSCertificateForHost
2023-04-22 21:27:54.568 plugin-container[5394:107888] nil host used in call to allowsAnyHTTPSCertificateForHost:
2023-04-22 21:27:54.568 plugin-container[5394:107889] nil host used in call to allowsSpecificHTTPSCertificateForHost
2023-04-22 21:27:54.568 plugin-container[5394:107889] nil host used in call to allowsAnyHTTPSCertificateForHost:
JavaScript warning: https://www.google.com/js/th/bPE89HDH-V4wnA2wrUoYzsMhnZJxcfZA3FCGYAqq1aQ.js line 2 > eval line 3069 > eval line 1 > eval line 1 > eval, line 1: WEBGL_debug_renderer_info is deprecated in Firefox and will be removed. Please use RENDERER.
JavaScript error: https://www.bancolombia.com/contenthandler/!ut/p/digest!vAH1Rv9R2kl8_eK4Pe2q3A/mashup/ra:collection?themeID=ZJ_OHHGG4G0PG3U30QBUUMBGA9M01&locale=es&locale=en&mime-type=text%2Fjavascript&lm=1680704159774&entry=wp_dialog_main__0.0%3Aconfig_js&entry=wp_high_contrast__0.0%3Aconfig_js&entry=wp_toolbar_utils__0.0%3Aconfig_js&entry=bcn_modulos_trasversales__0.0%3Aconfig_js&entry=wp_state_page_modes__0.0%3Aconfig_js&entry=bcn_modulos_mercables__0.0%3Aconfig_js&entry=wp_simple_contextmenu_ext__0.0%3Aconfig_js&entry=wp_simple_contextmenu_js__0.0%3Aconfig_js&entry=wp_toolbar_actionbar__0.0%3Aconfig_js&entry=wp_toolbar_menuactions__0.0%3Aconfig_js&entry=wp_toolbar_sitepreview_menuactions__0.0%3Aconfig_js&entry=st_jquery__0.0%3Aconfig_js&entry=wp_toolbar_projectmenu__0.0%3Aconfig_js&entry=bcn_herramientas__0.0%3Aconfig_js&entry=wp_toolbar_contextmenu__0.0%3Aconfig_js&entry=wp_toolbar_sitepreview__0.0%3Aconfig_js, line 1995: TypeError: e is null
JavaScript warning: https://www.bancolombia.com/Bancolombia_Pymes_Info/themes/Bancolombia_Personas/js/jquery-1.10.2.min.js, line 2: Using //@ to indicate sourceMappingURL pragmas is deprecated. Use //# instead
JavaScript error: https://www.bancolombia.com/Bancolombia_Pymes_Info/themes/Bancolombia_Personas/js/mlmenu.js, line 39: TypeError: this.el is null
1682198888201	Marionette	INFO	Stopped listening on port 51360
JavaScript warning: https://www.google.com/js/th/8UE1alQR35UAvwuJtt-44LfpSpEBrl7CDo1Hk3uXWyY.js line 2 > eval line 675 > eval line 1 > eval line 1 > eval, line 1: WEBGL_debug_renderer_info is deprecated in Firefox and will be removed. Please use RENDERER.
WARNING: A blocker encountered an error while we were waiting.
          Blocker:  Waiting for ping task
          Phase: TelemetryController: Waiting for pending ping activity
          State: (none)
WARNING: Error: Phase "profile-before-change" is finished, it is too late to register completion condition "OS.File: flush I/O queued before profileBeforeChange"
WARNING: addBlocker@resource://gre/modules/AsyncShutdown.sys.mjs:727:15
addBlocker@resource://gre/modules/AsyncShutdown.sys.mjs:523:26
addBlocker@resource://gre/modules/AsyncShutdown.sys.mjs:458:15
setupShutdown@resource://gre/modules/osfile/osfile_async_front.jsm:1548:28
@resource://gre/modules/osfile/osfile_async_front.jsm:1568:16
@resource://gre/modules/osfile.jsm:12:30
@resource://gre/modules/TelemetryStorage.sys.mjs:10:28
_checkPendingPings@resource://gre/modules/TelemetrySend.sys.mjs:863:17
setup@resource://gre/modules/TelemetrySend.sys.mjs:803:18
setup@resource://gre/modules/TelemetrySend.sys.mjs:241:30
setupTelemetry/this._delayedInitTask<@resource://gre/modules/TelemetryControllerParent.sys.mjs:824:36
observe@resource://gre/modules/AsyncShutdown.sys.mjs:576:16

console.error: "TelemetryScheduler.shutdown - Already shut down"
WARNING: A blocker encountered an error while we were waiting.
          Blocker:  Waiting for ping task
          Phase: TelemetryController: Waiting for pending ping activity
          State: (none)
WARNING: Error: Phase "profile-before-change" is finished, it is too late to register completion condition "OS.File: flush I/O queued before profileBeforeChange"
WARNING: addBlocker@resource://gre/modules/AsyncShutdown.sys.mjs:727:15
addBlocker@resource://gre/modules/AsyncShutdown.sys.mjs:523:26
addBlocker@resource://gre/modules/AsyncShutdown.sys.mjs:458:15
setupShutdown@resource://gre/modules/osfile/osfile_async_front.jsm:1548:28
@resource://gre/modules/osfile/osfile_async_front.jsm:1568:16
@resource://gre/modules/osfile.jsm:12:30
@resource://gre/modules/TelemetryStorage.sys.mjs:10:28
_checkPendingPings@resource://gre/modules/TelemetrySend.sys.mjs:863:17
setup@resource://gre/modules/TelemetrySend.sys.mjs:803:18
setup@resource://gre/modules/TelemetrySend.sys.mjs:241:30
setupTelemetry/this._delayedInitTask<@resource://gre/modules/TelemetryControllerParent.sys.mjs:824:36
observe@resource://gre/modules/AsyncShutdown.sys.mjs:576:16

WARNING: A blocker encountered an error while we were waiting.
          Blocker:  Waiting for ping task
          Phase: TelemetryController: Waiting for pending ping activity
          State: (none)
WARNING: Error: Phase "profile-before-change" is finished, it is too late to register completion condition "OS.File: flush I/O queued before profileBeforeChange"
WARNING: addBlocker@resource://gre/modules/AsyncShutdown.sys.mjs:727:15
addBlocker@resource://gre/modules/AsyncShutdown.sys.mjs:523:26
addBlocker@resource://gre/modules/AsyncShutdown.sys.mjs:458:15
setupShutdown@resource://gre/modules/osfile/osfile_async_front.jsm:1548:28
@resource://gre/modules/osfile/osfile_async_front.jsm:1568:16
@resource://gre/modules/osfile.jsm:12:30
@resource://gre/modules/TelemetryStorage.sys.mjs:10:28
_checkPendingPings@resource://gre/modules/TelemetrySend.sys.mjs:863:17
setup@resource://gre/modules/TelemetrySend.sys.mjs:803:18
setup@resource://gre/modules/TelemetrySend.sys.mjs:241:30
setupTelemetry/this._delayedInitTask<@resource://gre/modules/TelemetryControllerParent.sys.mjs:824:36
observe@resource://gre/modules/AsyncShutdown.sys.mjs:576:16

WARNING: A blocker encountered an error while we were waiting.
          Blocker:  TelemetryController: shutting down
          Phase: profile-before-change-telemetry
          State: Error getting state: Error: Phase "profile-before-change" is finished, it is too late to register completion condition "OS.File: flush I/O queued before profileBeforeChange" at addBlocker@resource://gre/modules/AsyncShutdown.sys.mjs:727:15
addBlocker@resource://gre/modules/AsyncShutdown.sys.mjs:523:26
addBlocker@resource://gre/modules/AsyncShutdown.sys.mjs:458:15
setupShutdown@resource://gre/modules/osfile/osfile_async_front.jsm:1548:28
@resource://gre/modules/osfile/osfile_async_front.jsm:1568:16
@resource://gre/modules/osfile.jsm:12:30
@resource://gre/modules/TelemetryStorage.sys.mjs:10:28
_checkPendingPings@resource://gre/modules/TelemetrySend.sys.mjs:863:17
setup@resource://gre/modules/TelemetrySend.sys.mjs:803:18
setup@resource://gre/modules/TelemetrySend.sys.mjs:241:30
setupTelemetry/this._delayedInitTask<@resource://gre/modules/TelemetryControllerParent.sys.mjs:824:36
observe@resource://gre/modules/AsyncShutdown.sys.mjs:576:16

WARNING: Error: Phase "profile-before-change" is finished, it is too late to register completion condition "OS.File: flush I/O queued before profileBeforeChange"
WARNING: addBlocker@resource://gre/modules/AsyncShutdown.sys.mjs:727:15
addBlocker@resource://gre/modules/AsyncShutdown.sys.mjs:523:26
addBlocker@resource://gre/modules/AsyncShutdown.sys.mjs:458:15
setupShutdown@resource://gre/modules/osfile/osfile_async_front.jsm:1548:28
@resource://gre/modules/osfile/osfile_async_front.jsm:1568:16
@resource://gre/modules/osfile.jsm:12:30
@resource://gre/modules/TelemetryStorage.sys.mjs:10:28
_checkPendingPings@resource://gre/modules/TelemetrySend.sys.mjs:863:17
setup@resource://gre/modules/TelemetrySend.sys.mjs:803:18
setup@resource://gre/modules/TelemetrySend.sys.mjs:241:30
setupTelemetry/this._delayedInitTask<@resource://gre/modules/TelemetryControllerParent.sys.mjs:824:36
observe@resource://gre/modules/AsyncShutdown.sys.mjs:576:16

JavaScript error: resource://gre/modules/AsyncShutdown.sys.mjs, line 727: Error: Phase "profile-before-change" is finished, it is too late to register completion condition "OS.File: flush I/O queued before profileBeforeChange"
JavaScript error: resource://gre/modules/AsyncShutdown.sys.mjs, line 727: Error: Phase "profile-before-change" is finished, it is too late to register completion condition "OS.File: flush I/O queued before profileBeforeChange"
JavaScript error: resource://gre/modules/AsyncShutdown.sys.mjs, line 727: Error: Phase "profile-before-change" is finished, it is too late to register completion condition "OS.File: flush I/O queued before profileBeforeChange"
JavaScript error: resource://gre/modules/AsyncShutdown.sys.mjs, line 727: Error: Phase "profile-before-change" is finished, it is too late to register completion condition "OS.File: flush I/O queued before profileBeforeChange"
JavaScript error: resource://gre/modules/AsyncShutdown.sys.mjs, line 727: Error: Phase "profile-before-change" is finished, it is too late to register completion condition "OS.File: flush I/O queued before profileBeforeChange"
JavaScript error: resource://gre/modules/AsyncShutdown.sys.mjs, line 727: Error: Phase "profile-before-change" is finished, it is too late to register completion condition "OS.File: flush I/O queued before profileBeforeChange"
]]></system-err>
</testsuite>
